<?xml version="1.0" encoding="ISO-8859-1" ?>
<link_info>
   <banner>TI ARM Linker PC v18.1.1.LTS</banner>
   <copyright>Copyright (c) 1996-2017 Texas Instruments Incorporated</copyright>
   <link_time>0x5b23ef0c</link_time>
   <link_errors>0x0</link_errors>
   <output_file>test-rtos.out</output_file>
   <entry_point>
      <name>_c_int00_noargs</name>
      <address>0x3741</address>
   </entry_point>
   <input_file_list>
      <input_file id="fl-2">
         <path>.\</path>
         <kind>object</kind>
         <file>main.obj</file>
         <name>main.obj</name>
      </input_file>
      <input_file id="fl-3">
         <path>.\</path>
         <kind>object</kind>
         <file>tm4c1294ncpdt_startup_ccs.obj</file>
         <name>tm4c1294ncpdt_startup_ccs.obj</name>
      </input_file>
      <input_file id="fl-4">
         <path>.\my tasks\</path>
         <kind>object</kind>
         <file>led.obj</file>
         <name>led.obj</name>
      </input_file>
      <input_file id="fl-5">
         <path>.\source\</path>
         <kind>object</kind>
         <file>croutine.obj</file>
         <name>croutine.obj</name>
      </input_file>
      <input_file id="fl-6">
         <path>.\source\</path>
         <kind>object</kind>
         <file>event_groups.obj</file>
         <name>event_groups.obj</name>
      </input_file>
      <input_file id="fl-7">
         <path>.\source\</path>
         <kind>object</kind>
         <file>list.obj</file>
         <name>list.obj</name>
      </input_file>
      <input_file id="fl-8">
         <path>.\source\</path>
         <kind>object</kind>
         <file>queue.obj</file>
         <name>queue.obj</name>
      </input_file>
      <input_file id="fl-9">
         <path>.\source\</path>
         <kind>object</kind>
         <file>stream_buffer.obj</file>
         <name>stream_buffer.obj</name>
      </input_file>
      <input_file id="fl-a">
         <path>.\source\</path>
         <kind>object</kind>
         <file>tasks.obj</file>
         <name>tasks.obj</name>
      </input_file>
      <input_file id="fl-b">
         <path>.\source\</path>
         <kind>object</kind>
         <file>timers.obj</file>
         <name>timers.obj</name>
      </input_file>
      <input_file id="fl-c">
         <path>.\source\portable\CCS\ARM_CM4F\</path>
         <kind>object</kind>
         <file>port.obj</file>
         <name>port.obj</name>
      </input_file>
      <input_file id="fl-d">
         <path>.\source\portable\CCS\ARM_CM4F\</path>
         <kind>object</kind>
         <file>portasm.obj</file>
         <name>portasm.obj</name>
      </input_file>
      <input_file id="fl-e">
         <path>.\source\portable\MemMang\</path>
         <kind>object</kind>
         <file>heap_1.obj</file>
         <name>heap_1.obj</name>
      </input_file>
      <input_file id="fl-13">
         <kind>object</kind>
         <file>&lt;internal&gt;</file>
         <name>&lt;internal&gt;</name>
      </input_file>
      <input_file id="fl-14">
         <path>C:\ti\TivaWare_C_Series-2.1.4.178\driverlib\ccs\Debug\</path>
         <kind>archive</kind>
         <file>driverlib.lib</file>
         <name>gpio.obj</name>
      </input_file>
      <input_file id="fl-15">
         <path>C:\ti\TivaWare_C_Series-2.1.4.178\driverlib\ccs\Debug\</path>
         <kind>archive</kind>
         <file>driverlib.lib</file>
         <name>interrupt.obj</name>
      </input_file>
      <input_file id="fl-16">
         <path>C:\ti\TivaWare_C_Series-2.1.4.178\driverlib\ccs\Debug\</path>
         <kind>archive</kind>
         <file>driverlib.lib</file>
         <name>sysctl.obj</name>
      </input_file>
      <input_file id="fl-17">
         <path>C:\ti\TivaWare_C_Series-2.1.4.178\driverlib\ccs\Debug\</path>
         <kind>archive</kind>
         <file>driverlib.lib</file>
         <name>cpu.obj</name>
      </input_file>
      <input_file id="fl-cd">
         <path>C:\ti\ccsv8\tools\compiler\ti-cgt-arm_18.1.1.LTS\lib\</path>
         <kind>archive</kind>
         <file>rtsv7M4_T_le_v4SPD16_eabi.lib</file>
         <name>memcpy_t2.asm.obj</name>
      </input_file>
      <input_file id="fl-ce">
         <path>C:\ti\ccsv8\tools\compiler\ti-cgt-arm_18.1.1.LTS\lib\</path>
         <kind>archive</kind>
         <file>rtsv7M4_T_le_v4SPD16_eabi.lib</file>
         <name>memset_t2.asm.obj</name>
      </input_file>
      <input_file id="fl-cf">
         <path>C:\ti\ccsv8\tools\compiler\ti-cgt-arm_18.1.1.LTS\lib\</path>
         <kind>archive</kind>
         <file>rtsv7M4_T_le_v4SPD16_eabi.lib</file>
         <name>copy_zero_init.c.obj</name>
      </input_file>
      <input_file id="fl-d0">
         <path>C:\ti\ccsv8\tools\compiler\ti-cgt-arm_18.1.1.LTS\lib\</path>
         <kind>archive</kind>
         <file>rtsv7M4_T_le_v4SPD16_eabi.lib</file>
         <name>copy_decompress_none.c.obj</name>
      </input_file>
      <input_file id="fl-d1">
         <path>C:\ti\ccsv8\tools\compiler\ti-cgt-arm_18.1.1.LTS\lib\</path>
         <kind>archive</kind>
         <file>rtsv7M4_T_le_v4SPD16_eabi.lib</file>
         <name>copy_decompress_lzss.c.obj</name>
      </input_file>
      <input_file id="fl-d2">
         <path>C:\ti\ccsv8\tools\compiler\ti-cgt-arm_18.1.1.LTS\lib\</path>
         <kind>archive</kind>
         <file>rtsv7M4_T_le_v4SPD16_eabi.lib</file>
         <name>boot_cortex_m.c.obj</name>
      </input_file>
      <input_file id="fl-d3">
         <path>C:\ti\ccsv8\tools\compiler\ti-cgt-arm_18.1.1.LTS\lib\</path>
         <kind>archive</kind>
         <file>rtsv7M4_T_le_v4SPD16_eabi.lib</file>
         <name>exit.c.obj</name>
      </input_file>
      <input_file id="fl-d4">
         <path>C:\ti\ccsv8\tools\compiler\ti-cgt-arm_18.1.1.LTS\lib\</path>
         <kind>archive</kind>
         <file>rtsv7M4_T_le_v4SPD16_eabi.lib</file>
         <name>_lock.c.obj</name>
      </input_file>
      <input_file id="fl-d5">
         <path>C:\ti\ccsv8\tools\compiler\ti-cgt-arm_18.1.1.LTS\lib\</path>
         <kind>archive</kind>
         <file>rtsv7M4_T_le_v4SPD16_eabi.lib</file>
         <name>args_main.c.obj</name>
      </input_file>
      <input_file id="fl-d6">
         <path>C:\ti\ccsv8\tools\compiler\ti-cgt-arm_18.1.1.LTS\lib\</path>
         <kind>archive</kind>
         <file>rtsv7M4_T_le_v4SPD16_eabi.lib</file>
         <name>autoinit.c.obj</name>
      </input_file>
      <input_file id="fl-d7">
         <path>C:\ti\ccsv8\tools\compiler\ti-cgt-arm_18.1.1.LTS\lib\</path>
         <kind>archive</kind>
         <file>rtsv7M4_T_le_v4SPD16_eabi.lib</file>
         <name>pre_init.c.obj</name>
      </input_file>
      <input_file id="fl-d8">
         <path>C:\ti\ccsv8\tools\compiler\ti-cgt-arm_18.1.1.LTS\lib\</path>
         <kind>archive</kind>
         <file>rtsv7M4_T_le_v4SPD16_eabi.lib</file>
         <name>cpy_tbl.c.obj</name>
      </input_file>
   </input_file_list>
   <object_component_list>
      <object_component id="oc-f">
         <name>.intvecs</name>
         <load_address>0x0</load_address>
         <run_address>0x0</run_address>
         <size>0x208</size>
         <input_file_ref idref="fl-3"/>
      </object_component>
      <object_component id="oc-7c">
         <name>.text</name>
         <load_address>0x208</load_address>
         <run_address>0x208</run_address>
         <size>0x18c0</size>
         <input_file_ref idref="fl-a"/>
      </object_component>
      <object_component id="oc-1a1">
         <name>.text</name>
         <load_address>0x1ac8</load_address>
         <run_address>0x1ac8</run_address>
         <size>0xd04</size>
         <input_file_ref idref="fl-8"/>
      </object_component>
      <object_component id="oc-fd">
         <name>.text</name>
         <load_address>0x27cc</load_address>
         <run_address>0x27cc</run_address>
         <size>0x594</size>
         <input_file_ref idref="fl-b"/>
      </object_component>
      <object_component id="oc-12d">
         <name>.text:SysCtlClockFreqSet</name>
         <load_address>0x2d60</load_address>
         <run_address>0x2d60</run_address>
         <size>0x200</size>
         <input_file_ref idref="fl-16"/>
      </object_component>
      <object_component id="oc-2f">
         <name>.text</name>
         <load_address>0x2f60</load_address>
         <run_address>0x2f60</run_address>
         <size>0x13c</size>
         <input_file_ref idref="fl-c"/>
      </object_component>
      <object_component id="oc-247">
         <name>.text:GPIOPadConfigSet</name>
         <load_address>0x309c</load_address>
         <run_address>0x309c</run_address>
         <size>0x132</size>
         <input_file_ref idref="fl-14"/>
      </object_component>
      <object_component id="oc-eb">
         <name>.text</name>
         <load_address>0x31ce</load_address>
         <run_address>0x31ce</run_address>
         <size>0x12a</size>
         <input_file_ref idref="fl-7"/>
      </object_component>
      <object_component id="oc-2a">
         <name>.text</name>
         <load_address>0x32f8</load_address>
         <run_address>0x32f8</run_address>
         <size>0xda</size>
         <input_file_ref idref="fl-d"/>
      </object_component>
      <object_component id="oc-e5">
         <name>.text</name>
         <load_address>0x33d4</load_address>
         <run_address>0x33d4</run_address>
         <size>0x9c</size>
         <input_file_ref idref="fl-e"/>
      </object_component>
      <object_component id="oc-43">
         <name>.text</name>
         <load_address>0x3470</load_address>
         <run_address>0x3470</run_address>
         <size>0x9c</size>
         <input_file_ref idref="fl-cd"/>
      </object_component>
      <object_component id="oc-bd">
         <name>.text</name>
         <load_address>0x350c</load_address>
         <run_address>0x350c</run_address>
         <size>0x7a</size>
         <input_file_ref idref="fl-ce"/>
      </object_component>
      <object_component id="oc-134">
         <name>.text</name>
         <load_address>0x3588</load_address>
         <run_address>0x3588</run_address>
         <size>0x78</size>
         <input_file_ref idref="fl-4"/>
      </object_component>
      <object_component id="oc-12">
         <name>.text:decompress:lzss:__TI_decompress_lzss</name>
         <load_address>0x3600</load_address>
         <run_address>0x3600</run_address>
         <size>0x68</size>
         <input_file_ref idref="fl-d1"/>
      </object_component>
      <object_component id="oc-c9">
         <name>.text</name>
         <load_address>0x3668</load_address>
         <run_address>0x3668</run_address>
         <size>0x4c</size>
         <input_file_ref idref="fl-2"/>
      </object_component>
      <object_component id="oc-1c8">
         <name>.text:_SysCtlFrequencyGet</name>
         <load_address>0x36b4</load_address>
         <run_address>0x36b4</run_address>
         <size>0x48</size>
         <input_file_ref idref="fl-16"/>
      </object_component>
      <object_component id="oc-147">
         <name>.text:__TI_auto_init_nobinit_nopinit:__TI_auto_init_nobinit_nopinit</name>
         <load_address>0x36fc</load_address>
         <run_address>0x36fc</run_address>
         <size>0x44</size>
         <input_file_ref idref="fl-d6"/>
      </object_component>
      <object_component id="oc-61">
         <name>.text:_c_int00_noargs:_c_int00_noargs</name>
         <load_address>0x3740</load_address>
         <run_address>0x3740</run_address>
         <size>0x38</size>
         <input_file_ref idref="fl-d2"/>
      </object_component>
      <object_component id="oc-1de">
         <name>.text:SysCtlPeripheralEnable</name>
         <load_address>0x3778</load_address>
         <run_address>0x3778</run_address>
         <size>0x34</size>
         <input_file_ref idref="fl-16"/>
      </object_component>
      <object_component id="oc-24d">
         <name>.text:GPIODirModeSet</name>
         <load_address>0x37ac</load_address>
         <run_address>0x37ac</run_address>
         <size>0x2a</size>
         <input_file_ref idref="fl-14"/>
      </object_component>
      <object_component id="oc-1c2">
         <name>.text:_SysCtlMemTimingGet</name>
         <load_address>0x37d8</load_address>
         <run_address>0x37d8</run_address>
         <size>0x20</size>
         <input_file_ref idref="fl-16"/>
      </object_component>
      <object_component id="oc-1e4">
         <name>.text:GPIOPinTypeGPIOOutput</name>
         <load_address>0x37f8</load_address>
         <run_address>0x37f8</run_address>
         <size>0x18</size>
         <input_file_ref idref="fl-14"/>
      </object_component>
      <object_component id="oc-18">
         <name>.text:decompress:none:__TI_decompress_none</name>
         <load_address>0x3810</load_address>
         <run_address>0x3810</run_address>
         <size>0xe</size>
         <input_file_ref idref="fl-d0"/>
      </object_component>
      <object_component id="oc-55">
         <name>.text:decompress:ZI:__TI_zero_init</name>
         <load_address>0x381e</load_address>
         <run_address>0x381e</run_address>
         <size>0xc</size>
         <input_file_ref idref="fl-cf"/>
      </object_component>
      <object_component id="oc-24">
         <name>.text</name>
         <load_address>0x382a</load_address>
         <run_address>0x382a</run_address>
         <size>0xc</size>
         <input_file_ref idref="fl-3"/>
      </object_component>
      <object_component id="oc-1ea">
         <name>.text:GPIOPinWrite</name>
         <load_address>0x3836</load_address>
         <run_address>0x3836</run_address>
         <size>0x6</size>
         <input_file_ref idref="fl-14"/>
      </object_component>
      <object_component id="oc-1f0">
         <name>.text:SysCtlDelay</name>
         <load_address>0x383c</load_address>
         <run_address>0x383c</run_address>
         <size>0x6</size>
         <input_file_ref idref="fl-16"/>
      </object_component>
      <object_component id="oc-c3">
         <name>.text:_system_pre_init</name>
         <load_address>0x3842</load_address>
         <run_address>0x3842</run_address>
         <size>0x4</size>
         <input_file_ref idref="fl-d7"/>
      </object_component>
      <object_component id="oc-13b">
         <name>.text:abort:abort</name>
         <load_address>0x3846</load_address>
         <run_address>0x3846</run_address>
         <size>0x4</size>
         <input_file_ref idref="fl-d3"/>
      </object_component>
      <object_component id="oc-1d1">
         <name>.const:g_pppui32XTALtoVCO</name>
         <load_address>0x384c</load_address>
         <run_address>0x384c</run_address>
         <size>0x1b0</size>
         <input_file_ref idref="fl-16"/>
      </object_component>
      <object_component id="oc-1ce">
         <name>.const:g_pui32Xtals</name>
         <load_address>0x39fc</load_address>
         <run_address>0x39fc</run_address>
         <size>0x6c</size>
         <input_file_ref idref="fl-16"/>
      </object_component>
      <object_component id="oc-22f">
         <name>.const:g_sXTALtoMEMTIM</name>
         <load_address>0x3a68</load_address>
         <run_address>0x3a68</run_address>
         <size>0x30</size>
         <input_file_ref idref="fl-16"/>
      </object_component>
      <object_component id="oc-1d4">
         <name>.const</name>
         <load_address>0x3a98</load_address>
         <run_address>0x3a98</run_address>
         <size>0x8</size>
         <input_file_ref idref="fl-16"/>
      </object_component>
      <object_component id="oc-79">
         <name>.const</name>
         <load_address>0x3aa0</load_address>
         <run_address>0x3aa0</run_address>
         <size>0x4</size>
         <input_file_ref idref="fl-c"/>
      </object_component>
      <object_component id="oc-2c8">
         <name>__TI_handler_table</name>
         <load_address>0x3aa8</load_address>
         <run_address>0x3aa8</run_address>
         <size>0xc</size>
      </object_component>
      <object_component id="oc-2ca">
         <name>.cinit..data.load</name>
         <load_address>0x3ab4</load_address>
         <run_address>0x3ab4</run_address>
         <size>0xb</size>
      </object_component>
      <object_component id="oc-2cb">
         <name>.cinit..bss.load</name>
         <load_address>0x3ac0</load_address>
         <run_address>0x3ac0</run_address>
         <size>0x8</size>
      </object_component>
      <object_component id="oc-2c9">
         <name>__TI_cinit_table</name>
         <load_address>0x3ac8</load_address>
         <run_address>0x3ac8</run_address>
         <size>0x10</size>
      </object_component>
      <object_component id="oc-76">
         <name>.data</name>
         <load_address>0x2000c698</load_address>
         <run_address>0x2000c698</run_address>
         <size>0x34</size>
         <input_file_ref idref="fl-a"/>
      </object_component>
      <object_component id="oc-1a7">
         <name>.data</name>
         <load_address>0x2000c6cc</load_address>
         <run_address>0x2000c6cc</run_address>
         <size>0xc</size>
         <input_file_ref idref="fl-b"/>
      </object_component>
      <object_component id="oc-83">
         <name>.data</name>
         <load_address>0x2000c6e0</load_address>
         <run_address>0x2000c6e0</run_address>
         <size>0x4</size>
         <input_file_ref idref="fl-c"/>
      </object_component>
      <object_component id="oc-18f">
         <name>.data</name>
         <load_address>0x2000c6d8</load_address>
         <run_address>0x2000c6d8</run_address>
         <size>0x8</size>
         <input_file_ref idref="fl-e"/>
      </object_component>
      <object_component id="oc-f1">
         <name>.bss:pxReadyTasksLists</name>
         <uninitialized>true</uninitialized>
         <run_address>0x2000c350</run_address>
         <size>0x64</size>
         <input_file_ref idref="fl-a"/>
      </object_component>
      <object_component id="oc-106">
         <name>.bss:xDelayedTaskList1</name>
         <uninitialized>true</uninitialized>
         <run_address>0x2000c41c</run_address>
         <size>0x14</size>
         <input_file_ref idref="fl-a"/>
      </object_component>
      <object_component id="oc-109">
         <name>.bss:xDelayedTaskList2</name>
         <uninitialized>true</uninitialized>
         <run_address>0x2000c430</run_address>
         <size>0x14</size>
         <input_file_ref idref="fl-a"/>
      </object_component>
      <object_component id="oc-f7">
         <name>.bss</name>
         <uninitialized>true</uninitialized>
         <run_address>0x2000c480</run_address>
         <size>0x8</size>
         <input_file_ref idref="fl-a"/>
      </object_component>
      <object_component id="oc-103">
         <name>.bss:xPendingReadyList</name>
         <uninitialized>true</uninitialized>
         <run_address>0x2000c444</run_address>
         <size>0x14</size>
         <input_file_ref idref="fl-a"/>
      </object_component>
      <object_component id="oc-f4">
         <name>.bss:xTasksWaitingTermination</name>
         <uninitialized>true</uninitialized>
         <run_address>0x2000c46c</run_address>
         <size>0x14</size>
         <input_file_ref idref="fl-a"/>
      </object_component>
      <object_component id="oc-fa">
         <name>.bss:xSuspendedTaskList</name>
         <uninitialized>true</uninitialized>
         <run_address>0x2000c458</run_address>
         <size>0x14</size>
         <input_file_ref idref="fl-a"/>
      </object_component>
      <object_component id="oc-1ad">
         <name>.bss:xActiveTimerList1</name>
         <uninitialized>true</uninitialized>
         <run_address>0x2000c3f4</run_address>
         <size>0x14</size>
         <input_file_ref idref="fl-b"/>
      </object_component>
      <object_component id="oc-1b0">
         <name>.bss:xActiveTimerList2</name>
         <uninitialized>true</uninitialized>
         <run_address>0x2000c408</run_address>
         <size>0x14</size>
         <input_file_ref idref="fl-b"/>
      </object_component>
      <object_component id="oc-1aa">
         <name>.bss</name>
         <uninitialized>true</uninitialized>
         <run_address>0x2000c488</run_address>
         <size>0x8</size>
         <input_file_ref idref="fl-b"/>
      </object_component>
      <object_component id="oc-192">
         <name>.bss:ucHeap</name>
         <uninitialized>true</uninitialized>
         <run_address>0x20000000</run_address>
         <size>0xc350</size>
         <input_file_ref idref="fl-e"/>
      </object_component>
      <object_component id="oc-133">
         <name>.common:g_ui32SysClock</name>
         <uninitialized>true</uninitialized>
         <run_address>0x2000c490</run_address>
         <size>0x4</size>
      </object_component>
      <object_component id="oc-21c">
         <name>.common:xQueueRegistry</name>
         <uninitialized>true</uninitialized>
         <run_address>0x2000c3b4</run_address>
         <size>0x40</size>
      </object_component>
      <object_component id="oc-21">
         <name>.stack</name>
         <uninitialized>true</uninitialized>
         <run_address>0x2000c498</run_address>
         <size>0x4</size>
         <input_file_ref idref="fl-d2"/>
      </object_component>
      <object_component id="oc-2cc">
         <name>.stack</name>
         <uninitialized>true</uninitialized>
         <run_address>0x2000c498</run_address>
         <size>0x0</size>
      </object_component>
      <object_component id="oc-116">
         <name>.debug_info</name>
         <load_address>0x0</load_address>
         <run_address>0x0</run_address>
         <size>0x482</size>
         <input_file_ref idref="fl-2"/>
      </object_component>
      <object_component id="oc-ca">
         <name>.debug_info</name>
         <load_address>0x482</load_address>
         <run_address>0x482</run_address>
         <size>0x1f7</size>
         <input_file_ref idref="fl-2"/>
      </object_component>
      <object_component id="oc-de">
         <name>.debug_info</name>
         <load_address>0x679</load_address>
         <run_address>0x679</run_address>
         <size>0x30c</size>
         <input_file_ref idref="fl-2"/>
      </object_component>
      <object_component id="oc-9e">
         <name>.debug_info</name>
         <load_address>0x985</load_address>
         <run_address>0x985</run_address>
         <size>0x26b</size>
         <input_file_ref idref="fl-2"/>
      </object_component>
      <object_component id="oc-a3">
         <name>.debug_info</name>
         <load_address>0xbf0</load_address>
         <run_address>0xbf0</run_address>
         <size>0x44c</size>
         <input_file_ref idref="fl-2"/>
      </object_component>
      <object_component id="oc-3e">
         <name>.debug_info</name>
         <load_address>0x103c</load_address>
         <run_address>0x103c</run_address>
         <size>0x84</size>
         <input_file_ref idref="fl-2"/>
      </object_component>
      <object_component id="oc-220">
         <name>.debug_info</name>
         <load_address>0x10c0</load_address>
         <run_address>0x10c0</run_address>
         <size>0x46</size>
         <input_file_ref idref="fl-2"/>
      </object_component>
      <object_component id="oc-88">
         <name>.debug_info</name>
         <load_address>0x1106</load_address>
         <run_address>0x1106</run_address>
         <size>0x2c</size>
         <input_file_ref idref="fl-2"/>
      </object_component>
      <object_component id="oc-118">
         <name>.debug_info</name>
         <load_address>0x1132</load_address>
         <run_address>0x1132</run_address>
         <size>0x297</size>
         <input_file_ref idref="fl-2"/>
      </object_component>
      <object_component id="oc-94">
         <name>.debug_info</name>
         <load_address>0x13c9</load_address>
         <run_address>0x13c9</run_address>
         <size>0xbb</size>
         <input_file_ref idref="fl-2"/>
      </object_component>
      <object_component id="oc-99">
         <name>.debug_info</name>
         <load_address>0x1484</load_address>
         <run_address>0x1484</run_address>
         <size>0x53</size>
         <input_file_ref idref="fl-2"/>
      </object_component>
      <object_component id="oc-8d">
         <name>.debug_info</name>
         <load_address>0x14d7</load_address>
         <run_address>0x14d7</run_address>
         <size>0x53</size>
         <input_file_ref idref="fl-2"/>
      </object_component>
      <object_component id="oc-111">
         <name>.debug_info</name>
         <load_address>0x152a</load_address>
         <run_address>0x152a</run_address>
         <size>0x14c</size>
         <input_file_ref idref="fl-2"/>
      </object_component>
      <object_component id="oc-37">
         <name>.debug_info</name>
         <load_address>0x1676</load_address>
         <run_address>0x1676</run_address>
         <size>0x3e1</size>
         <input_file_ref idref="fl-3"/>
      </object_component>
      <object_component id="oc-10">
         <name>.debug_info</name>
         <load_address>0x1a57</load_address>
         <run_address>0x1a57</run_address>
         <size>0xfc</size>
         <input_file_ref idref="fl-3"/>
      </object_component>
      <object_component id="oc-25">
         <name>.debug_info</name>
         <load_address>0x1b53</load_address>
         <run_address>0x1b53</run_address>
         <size>0x27b</size>
         <input_file_ref idref="fl-3"/>
      </object_component>
      <object_component id="oc-1f2">
         <name>.debug_info</name>
         <load_address>0x1dce</load_address>
         <run_address>0x1dce</run_address>
         <size>0x4b3</size>
         <input_file_ref idref="fl-4"/>
      </object_component>
      <object_component id="oc-137">
         <name>.debug_info</name>
         <load_address>0x2281</load_address>
         <run_address>0x2281</run_address>
         <size>0x267</size>
         <input_file_ref idref="fl-4"/>
      </object_component>
      <object_component id="oc-213">
         <name>.debug_info</name>
         <load_address>0x24e8</load_address>
         <run_address>0x24e8</run_address>
         <size>0x615</size>
         <input_file_ref idref="fl-6"/>
      </object_component>
      <object_component id="oc-180">
         <name>.debug_info</name>
         <load_address>0x2afd</load_address>
         <run_address>0x2afd</run_address>
         <size>0x110</size>
         <input_file_ref idref="fl-6"/>
      </object_component>
      <object_component id="oc-18a">
         <name>.debug_info</name>
         <load_address>0x2c0d</load_address>
         <run_address>0x2c0d</run_address>
         <size>0x44c</size>
         <input_file_ref idref="fl-6"/>
      </object_component>
      <object_component id="oc-27b">
         <name>.debug_info</name>
         <load_address>0x3059</load_address>
         <run_address>0x3059</run_address>
         <size>0x39</size>
         <input_file_ref idref="fl-6"/>
      </object_component>
      <object_component id="oc-17b">
         <name>.debug_info</name>
         <load_address>0x3092</load_address>
         <run_address>0x3092</run_address>
         <size>0x46</size>
         <input_file_ref idref="fl-6"/>
      </object_component>
      <object_component id="oc-280">
         <name>.debug_info</name>
         <load_address>0x30d8</load_address>
         <run_address>0x30d8</run_address>
         <size>0x76</size>
         <input_file_ref idref="fl-6"/>
      </object_component>
      <object_component id="oc-198">
         <name>.debug_info</name>
         <load_address>0x314e</load_address>
         <run_address>0x314e</run_address>
         <size>0x369</size>
         <input_file_ref idref="fl-7"/>
      </object_component>
      <object_component id="oc-ed">
         <name>.debug_info</name>
         <load_address>0x34b7</load_address>
         <run_address>0x34b7</run_address>
         <size>0x4a1</size>
         <input_file_ref idref="fl-7"/>
      </object_component>
      <object_component id="oc-21d">
         <name>.debug_info</name>
         <load_address>0x3958</load_address>
         <run_address>0x3958</run_address>
         <size>0x886</size>
         <input_file_ref idref="fl-8"/>
      </object_component>
      <object_component id="oc-1a3">
         <name>.debug_info</name>
         <load_address>0x41de</load_address>
         <run_address>0x41de</run_address>
         <size>0x3573</size>
         <input_file_ref idref="fl-8"/>
      </object_component>
      <object_component id="oc-287">
         <name>.debug_info</name>
         <load_address>0x7751</load_address>
         <run_address>0x7751</run_address>
         <size>0x1cd</size>
         <input_file_ref idref="fl-8"/>
      </object_component>
      <object_component id="oc-124">
         <name>.debug_info</name>
         <load_address>0x791e</load_address>
         <run_address>0x791e</run_address>
         <size>0x2c</size>
         <input_file_ref idref="fl-9"/>
      </object_component>
      <object_component id="oc-dd">
         <name>.debug_info</name>
         <load_address>0x794a</load_address>
         <run_address>0x794a</run_address>
         <size>0x765</size>
         <input_file_ref idref="fl-a"/>
      </object_component>
      <object_component id="oc-77">
         <name>.debug_info</name>
         <load_address>0x80af</load_address>
         <run_address>0x80af</run_address>
         <size>0x352</size>
         <input_file_ref idref="fl-a"/>
      </object_component>
      <object_component id="oc-f2">
         <name>.debug_info</name>
         <load_address>0x8401</load_address>
         <run_address>0x8401</run_address>
         <size>0xf9</size>
         <input_file_ref idref="fl-a"/>
      </object_component>
      <object_component id="oc-107">
         <name>.debug_info</name>
         <load_address>0x84fa</load_address>
         <run_address>0x84fa</run_address>
         <size>0xf9</size>
         <input_file_ref idref="fl-a"/>
      </object_component>
      <object_component id="oc-10a">
         <name>.debug_info</name>
         <load_address>0x85f3</load_address>
         <run_address>0x85f3</run_address>
         <size>0xf9</size>
         <input_file_ref idref="fl-a"/>
      </object_component>
      <object_component id="oc-f8">
         <name>.debug_info</name>
         <load_address>0x86ec</load_address>
         <run_address>0x86ec</run_address>
         <size>0x13c</size>
         <input_file_ref idref="fl-a"/>
      </object_component>
      <object_component id="oc-104">
         <name>.debug_info</name>
         <load_address>0x8828</load_address>
         <run_address>0x8828</run_address>
         <size>0xf9</size>
         <input_file_ref idref="fl-a"/>
      </object_component>
      <object_component id="oc-f5">
         <name>.debug_info</name>
         <load_address>0x8921</load_address>
         <run_address>0x8921</run_address>
         <size>0x107</size>
         <input_file_ref idref="fl-a"/>
      </object_component>
      <object_component id="oc-fb">
         <name>.debug_info</name>
         <load_address>0x8a28</load_address>
         <run_address>0x8a28</run_address>
         <size>0xfb</size>
         <input_file_ref idref="fl-a"/>
      </object_component>
      <object_component id="oc-7d">
         <name>.debug_info</name>
         <load_address>0x8b23</load_address>
         <run_address>0x8b23</run_address>
         <size>0x487d</size>
         <input_file_ref idref="fl-a"/>
      </object_component>
      <object_component id="oc-185">
         <name>.debug_info</name>
         <load_address>0xd3a0</load_address>
         <run_address>0xd3a0</run_address>
         <size>0x146</size>
         <input_file_ref idref="fl-a"/>
      </object_component>
      <object_component id="oc-1b4">
         <name>.debug_info</name>
         <load_address>0xd4e6</load_address>
         <run_address>0xd4e6</run_address>
         <size>0x836</size>
         <input_file_ref idref="fl-b"/>
      </object_component>
      <object_component id="oc-1ae">
         <name>.debug_info</name>
         <load_address>0xdd1c</load_address>
         <run_address>0xdd1c</run_address>
         <size>0xf9</size>
         <input_file_ref idref="fl-b"/>
      </object_component>
      <object_component id="oc-1b1">
         <name>.debug_info</name>
         <load_address>0xde15</load_address>
         <run_address>0xde15</run_address>
         <size>0xf9</size>
         <input_file_ref idref="fl-b"/>
      </object_component>
      <object_component id="oc-1ab">
         <name>.debug_info</name>
         <load_address>0xdf0e</load_address>
         <run_address>0xdf0e</run_address>
         <size>0x131</size>
         <input_file_ref idref="fl-b"/>
      </object_component>
      <object_component id="oc-1a8">
         <name>.debug_info</name>
         <load_address>0xe03f</load_address>
         <run_address>0xe03f</run_address>
         <size>0x11d</size>
         <input_file_ref idref="fl-b"/>
      </object_component>
      <object_component id="oc-100">
         <name>.debug_info</name>
         <load_address>0xe15c</load_address>
         <run_address>0xe15c</run_address>
         <size>0x1c22</size>
         <input_file_ref idref="fl-b"/>
      </object_component>
      <object_component id="oc-1b5">
         <name>.debug_info</name>
         <load_address>0xfd7e</load_address>
         <run_address>0xfd7e</run_address>
         <size>0x1ce</size>
         <input_file_ref idref="fl-b"/>
      </object_component>
      <object_component id="oc-87">
         <name>.debug_info</name>
         <load_address>0xff4c</load_address>
         <run_address>0xff4c</run_address>
         <size>0x3fe</size>
         <input_file_ref idref="fl-c"/>
      </object_component>
      <object_component id="oc-7a">
         <name>.debug_info</name>
         <load_address>0x1034a</load_address>
         <run_address>0x1034a</run_address>
         <size>0x126</size>
         <input_file_ref idref="fl-c"/>
      </object_component>
      <object_component id="oc-84">
         <name>.debug_info</name>
         <load_address>0x10470</load_address>
         <run_address>0x10470</run_address>
         <size>0x10d</size>
         <input_file_ref idref="fl-c"/>
      </object_component>
      <object_component id="oc-31">
         <name>.debug_info</name>
         <load_address>0x1057d</load_address>
         <run_address>0x1057d</run_address>
         <size>0x69d</size>
         <input_file_ref idref="fl-c"/>
      </object_component>
      <object_component id="oc-2c">
         <name>.debug_info</name>
         <load_address>0x10c1a</load_address>
         <run_address>0x10c1a</run_address>
         <size>0x25e</size>
         <input_file_ref idref="fl-d"/>
      </object_component>
      <object_component id="oc-196">
         <name>.debug_info</name>
         <load_address>0x10e78</load_address>
         <run_address>0x10e78</run_address>
         <size>0x401</size>
         <input_file_ref idref="fl-e"/>
      </object_component>
      <object_component id="oc-193">
         <name>.debug_info</name>
         <load_address>0x11279</load_address>
         <run_address>0x11279</run_address>
         <size>0xf4</size>
         <input_file_ref idref="fl-e"/>
      </object_component>
      <object_component id="oc-190">
         <name>.debug_info</name>
         <load_address>0x1136d</load_address>
         <run_address>0x1136d</run_address>
         <size>0x102</size>
         <input_file_ref idref="fl-e"/>
      </object_component>
      <object_component id="oc-e6">
         <name>.debug_info</name>
         <load_address>0x1146f</load_address>
         <run_address>0x1146f</run_address>
         <size>0x3ca</size>
         <input_file_ref idref="fl-e"/>
      </object_component>
      <object_component id="oc-254">
         <name>.debug_info</name>
         <load_address>0x11839</load_address>
         <run_address>0x11839</run_address>
         <size>0x240</size>
         <input_file_ref idref="fl-14"/>
      </object_component>
      <object_component id="oc-1eb">
         <name>.debug_info</name>
         <load_address>0x11a79</load_address>
         <run_address>0x11a79</run_address>
         <size>0x2a3</size>
         <input_file_ref idref="fl-14"/>
      </object_component>
      <object_component id="oc-24e">
         <name>.debug_info</name>
         <load_address>0x11d1c</load_address>
         <run_address>0x11d1c</run_address>
         <size>0x2b3</size>
         <input_file_ref idref="fl-14"/>
      </object_component>
      <object_component id="oc-248">
         <name>.debug_info</name>
         <load_address>0x11fcf</load_address>
         <run_address>0x11fcf</run_address>
         <size>0x316</size>
         <input_file_ref idref="fl-14"/>
      </object_component>
      <object_component id="oc-1e5">
         <name>.debug_info</name>
         <load_address>0x122e5</load_address>
         <run_address>0x122e5</run_address>
         <size>0x2b7</size>
         <input_file_ref idref="fl-14"/>
      </object_component>
      <object_component id="oc-23a">
         <name>.debug_info</name>
         <load_address>0x1259c</load_address>
         <run_address>0x1259c</run_address>
         <size>0x8b</size>
         <input_file_ref idref="fl-14"/>
      </object_component>
      <object_component id="oc-1d8">
         <name>.debug_info</name>
         <load_address>0x12627</load_address>
         <run_address>0x12627</run_address>
         <size>0x18b</size>
         <input_file_ref idref="fl-14"/>
      </object_component>
      <object_component id="oc-1dd">
         <name>.debug_info</name>
         <load_address>0x127b2</load_address>
         <run_address>0x127b2</run_address>
         <size>0x298</size>
         <input_file_ref idref="fl-16"/>
      </object_component>
      <object_component id="oc-1cf">
         <name>.debug_info</name>
         <load_address>0x12a4a</load_address>
         <run_address>0x12a4a</run_address>
         <size>0x14d</size>
         <input_file_ref idref="fl-16"/>
      </object_component>
      <object_component id="oc-1d2">
         <name>.debug_info</name>
         <load_address>0x12b97</load_address>
         <run_address>0x12b97</run_address>
         <size>0x159</size>
         <input_file_ref idref="fl-16"/>
      </object_component>
      <object_component id="oc-230">
         <name>.debug_info</name>
         <load_address>0x12cf0</load_address>
         <run_address>0x12cf0</run_address>
         <size>0x153</size>
         <input_file_ref idref="fl-16"/>
      </object_component>
      <object_component id="oc-1d5">
         <name>.debug_info</name>
         <load_address>0x12e43</load_address>
         <run_address>0x12e43</run_address>
         <size>0x160</size>
         <input_file_ref idref="fl-16"/>
      </object_component>
      <object_component id="oc-1e2">
         <name>.debug_info</name>
         <load_address>0x12fa3</load_address>
         <run_address>0x12fa3</run_address>
         <size>0x27d</size>
         <input_file_ref idref="fl-16"/>
      </object_component>
      <object_component id="oc-1c6">
         <name>.debug_info</name>
         <load_address>0x13220</load_address>
         <run_address>0x13220</run_address>
         <size>0x270</size>
         <input_file_ref idref="fl-16"/>
      </object_component>
      <object_component id="oc-1cc">
         <name>.debug_info</name>
         <load_address>0x13490</load_address>
         <run_address>0x13490</run_address>
         <size>0x2ba</size>
         <input_file_ref idref="fl-16"/>
      </object_component>
      <object_component id="oc-131">
         <name>.debug_info</name>
         <load_address>0x1374a</load_address>
         <run_address>0x1374a</run_address>
         <size>0x49a</size>
         <input_file_ref idref="fl-16"/>
      </object_component>
      <object_component id="oc-241">
         <name>.debug_info</name>
         <load_address>0x13be4</load_address>
         <run_address>0x13be4</run_address>
         <size>0x5f</size>
         <input_file_ref idref="fl-16"/>
      </object_component>
      <object_component id="oc-45">
         <name>.debug_info</name>
         <load_address>0x13c43</load_address>
         <run_address>0x13c43</run_address>
         <size>0x111</size>
         <input_file_ref idref="fl-cd"/>
      </object_component>
      <object_component id="oc-be">
         <name>.debug_info</name>
         <load_address>0x13d54</load_address>
         <run_address>0x13d54</run_address>
         <size>0x13f</size>
         <input_file_ref idref="fl-ce"/>
      </object_component>
      <object_component id="oc-bc">
         <name>.debug_info</name>
         <load_address>0x13e93</load_address>
         <run_address>0x13e93</run_address>
         <size>0x313</size>
         <input_file_ref idref="fl-cf"/>
      </object_component>
      <object_component id="oc-57">
         <name>.debug_info</name>
         <load_address>0x141a6</load_address>
         <run_address>0x141a6</run_address>
         <size>0x1aa</size>
         <input_file_ref idref="fl-cf"/>
      </object_component>
      <object_component id="oc-b7">
         <name>.debug_info</name>
         <load_address>0x14350</load_address>
         <run_address>0x14350</run_address>
         <size>0x46</size>
         <input_file_ref idref="fl-cf"/>
      </object_component>
      <object_component id="oc-4e">
         <name>.debug_info</name>
         <load_address>0x14396</load_address>
         <run_address>0x14396</run_address>
         <size>0x29d</size>
         <input_file_ref idref="fl-d0"/>
      </object_component>
      <object_component id="oc-19">
         <name>.debug_info</name>
         <load_address>0x14633</load_address>
         <run_address>0x14633</run_address>
         <size>0x1df</size>
         <input_file_ref idref="fl-d0"/>
      </object_component>
      <object_component id="oc-49">
         <name>.debug_info</name>
         <load_address>0x14812</load_address>
         <run_address>0x14812</run_address>
         <size>0x46</size>
         <input_file_ref idref="fl-d0"/>
      </object_component>
      <object_component id="oc-af">
         <name>.debug_info</name>
         <load_address>0x14858</load_address>
         <run_address>0x14858</run_address>
         <size>0x2c</size>
         <input_file_ref idref="fl-d0"/>
      </object_component>
      <object_component id="oc-ad">
         <name>.debug_info</name>
         <load_address>0x14884</load_address>
         <run_address>0x14884</run_address>
         <size>0x293</size>
         <input_file_ref idref="fl-d1"/>
      </object_component>
      <object_component id="oc-16">
         <name>.debug_info</name>
         <load_address>0x14b17</load_address>
         <run_address>0x14b17</run_address>
         <size>0x245</size>
         <input_file_ref idref="fl-d1"/>
      </object_component>
      <object_component id="oc-39">
         <name>.debug_info</name>
         <load_address>0x14d5c</load_address>
         <run_address>0x14d5c</run_address>
         <size>0x60</size>
         <input_file_ref idref="fl-d1"/>
      </object_component>
      <object_component id="oc-11d">
         <name>.debug_info</name>
         <load_address>0x14dbc</load_address>
         <run_address>0x14dbc</run_address>
         <size>0x46</size>
         <input_file_ref idref="fl-d1"/>
      </object_component>
      <object_component id="oc-a8">
         <name>.debug_info</name>
         <load_address>0x14e02</load_address>
         <run_address>0x14e02</run_address>
         <size>0x39</size>
         <input_file_ref idref="fl-d1"/>
      </object_component>
      <object_component id="oc-22">
         <name>.debug_info</name>
         <load_address>0x14e3b</load_address>
         <run_address>0x14e3b</run_address>
         <size>0x100</size>
         <input_file_ref idref="fl-d2"/>
      </object_component>
      <object_component id="oc-62">
         <name>.debug_info</name>
         <load_address>0x14f3b</load_address>
         <run_address>0x14f3b</run_address>
         <size>0x1a4</size>
         <input_file_ref idref="fl-d2"/>
      </object_component>
      <object_component id="oc-13c">
         <name>.debug_info</name>
         <load_address>0x150df</load_address>
         <run_address>0x150df</run_address>
         <size>0x117</size>
         <input_file_ref idref="fl-d3"/>
      </object_component>
      <object_component id="oc-1fe">
         <name>.debug_info</name>
         <load_address>0x151f6</load_address>
         <run_address>0x151f6</run_address>
         <size>0x547</size>
         <input_file_ref idref="fl-d6"/>
      </object_component>
      <object_component id="oc-149">
         <name>.debug_info</name>
         <load_address>0x1573d</load_address>
         <run_address>0x1573d</run_address>
         <size>0x19b</size>
         <input_file_ref idref="fl-d6"/>
      </object_component>
      <object_component id="oc-268">
         <name>.debug_info</name>
         <load_address>0x158d8</load_address>
         <run_address>0x158d8</run_address>
         <size>0x39</size>
         <input_file_ref idref="fl-d6"/>
      </object_component>
      <object_component id="oc-295">
         <name>.debug_info</name>
         <load_address>0x15911</load_address>
         <run_address>0x15911</run_address>
         <size>0x39</size>
         <input_file_ref idref="fl-d6"/>
      </object_component>
      <object_component id="oc-26d">
         <name>.debug_info</name>
         <load_address>0x1594a</load_address>
         <run_address>0x1594a</run_address>
         <size>0x39</size>
         <input_file_ref idref="fl-d6"/>
      </object_component>
      <object_component id="oc-272">
         <name>.debug_info</name>
         <load_address>0x15983</load_address>
         <run_address>0x15983</run_address>
         <size>0xcd</size>
         <input_file_ref idref="fl-d6"/>
      </object_component>
      <object_component id="oc-c6">
         <name>.debug_info</name>
         <load_address>0x15a50</load_address>
         <run_address>0x15a50</run_address>
         <size>0x148</size>
         <input_file_ref idref="fl-d7"/>
      </object_component>
      <object_component id="oc-2cd">
         <name>.debug_info</name>
         <load_address>0x15b98</load_address>
         <run_address>0x15b98</run_address>
         <size>0xb1</size>
      </object_component>
      <object_component id="oc-1c1">
         <name>.debug_line</name>
         <load_address>0x0</load_address>
         <run_address>0x0</run_address>
         <size>0x10a</size>
         <input_file_ref idref="fl-2"/>
      </object_component>
      <object_component id="oc-cd">
         <name>.debug_line</name>
         <load_address>0x10a</load_address>
         <run_address>0x10a</run_address>
         <size>0x61</size>
         <input_file_ref idref="fl-2"/>
      </object_component>
      <object_component id="oc-e1">
         <name>.debug_line</name>
         <load_address>0x16b</load_address>
         <run_address>0x16b</run_address>
         <size>0x76</size>
         <input_file_ref idref="fl-2"/>
      </object_component>
      <object_component id="oc-a1">
         <name>.debug_line</name>
         <load_address>0x1e1</load_address>
         <run_address>0x1e1</run_address>
         <size>0x69</size>
         <input_file_ref idref="fl-2"/>
      </object_component>
      <object_component id="oc-a6">
         <name>.debug_line</name>
         <load_address>0x24a</load_address>
         <run_address>0x24a</run_address>
         <size>0x7a</size>
         <input_file_ref idref="fl-2"/>
      </object_component>
      <object_component id="oc-41">
         <name>.debug_line</name>
         <load_address>0x2c4</load_address>
         <run_address>0x2c4</run_address>
         <size>0x20</size>
         <input_file_ref idref="fl-2"/>
      </object_component>
      <object_component id="oc-223">
         <name>.debug_line</name>
         <load_address>0x2e4</load_address>
         <run_address>0x2e4</run_address>
         <size>0x77</size>
         <input_file_ref idref="fl-2"/>
      </object_component>
      <object_component id="oc-8b">
         <name>.debug_line</name>
         <load_address>0x35b</load_address>
         <run_address>0x35b</run_address>
         <size>0x7a</size>
         <input_file_ref idref="fl-2"/>
      </object_component>
      <object_component id="oc-11b">
         <name>.debug_line</name>
         <load_address>0x3d5</load_address>
         <run_address>0x3d5</run_address>
         <size>0x6d</size>
         <input_file_ref idref="fl-2"/>
      </object_component>
      <object_component id="oc-97">
         <name>.debug_line</name>
         <load_address>0x442</load_address>
         <run_address>0x442</run_address>
         <size>0x6a</size>
         <input_file_ref idref="fl-2"/>
      </object_component>
      <object_component id="oc-9c">
         <name>.debug_line</name>
         <load_address>0x4ac</load_address>
         <run_address>0x4ac</run_address>
         <size>0x65</size>
         <input_file_ref idref="fl-2"/>
      </object_component>
      <object_component id="oc-90">
         <name>.debug_line</name>
         <load_address>0x511</load_address>
         <run_address>0x511</run_address>
         <size>0x89</size>
         <input_file_ref idref="fl-2"/>
      </object_component>
      <object_component id="oc-114">
         <name>.debug_line</name>
         <load_address>0x59a</load_address>
         <run_address>0x59a</run_address>
         <size>0x76</size>
         <input_file_ref idref="fl-2"/>
      </object_component>
      <object_component id="oc-93">
         <name>.debug_line</name>
         <load_address>0x610</load_address>
         <run_address>0x610</run_address>
         <size>0x42</size>
         <input_file_ref idref="fl-3"/>
      </object_component>
      <object_component id="oc-36">
         <name>.debug_line</name>
         <load_address>0x652</load_address>
         <run_address>0x652</run_address>
         <size>0x42</size>
         <input_file_ref idref="fl-3"/>
      </object_component>
      <object_component id="oc-29">
         <name>.debug_line</name>
         <load_address>0x694</load_address>
         <run_address>0x694</run_address>
         <size>0xa2</size>
         <input_file_ref idref="fl-3"/>
      </object_component>
      <object_component id="oc-257">
         <name>.debug_line</name>
         <load_address>0x736</load_address>
         <run_address>0x736</run_address>
         <size>0xe4</size>
         <input_file_ref idref="fl-4"/>
      </object_component>
      <object_component id="oc-135">
         <name>.debug_line</name>
         <load_address>0x81a</load_address>
         <run_address>0x81a</run_address>
         <size>0x6b</size>
         <input_file_ref idref="fl-4"/>
      </object_component>
      <object_component id="oc-27a">
         <name>.debug_line</name>
         <load_address>0x885</load_address>
         <run_address>0x885</run_address>
         <size>0x18f</size>
         <input_file_ref idref="fl-6"/>
      </object_component>
      <object_component id="oc-183">
         <name>.debug_line</name>
         <load_address>0xa14</load_address>
         <run_address>0xa14</run_address>
         <size>0x65</size>
         <input_file_ref idref="fl-6"/>
      </object_component>
      <object_component id="oc-18d">
         <name>.debug_line</name>
         <load_address>0xa79</load_address>
         <run_address>0xa79</run_address>
         <size>0x7a</size>
         <input_file_ref idref="fl-6"/>
      </object_component>
      <object_component id="oc-27e">
         <name>.debug_line</name>
         <load_address>0xaf3</load_address>
         <run_address>0xaf3</run_address>
         <size>0x7e</size>
         <input_file_ref idref="fl-6"/>
      </object_component>
      <object_component id="oc-17e">
         <name>.debug_line</name>
         <load_address>0xb71</load_address>
         <run_address>0xb71</run_address>
         <size>0x78</size>
         <input_file_ref idref="fl-6"/>
      </object_component>
      <object_component id="oc-283">
         <name>.debug_line</name>
         <load_address>0xbe9</load_address>
         <run_address>0xbe9</run_address>
         <size>0x3c</size>
         <input_file_ref idref="fl-6"/>
      </object_component>
      <object_component id="oc-21b">
         <name>.debug_line</name>
         <load_address>0xc25</load_address>
         <run_address>0xc25</run_address>
         <size>0x20</size>
         <input_file_ref idref="fl-7"/>
      </object_component>
      <object_component id="oc-ec">
         <name>.debug_line</name>
         <load_address>0xc45</load_address>
         <run_address>0xc45</run_address>
         <size>0xea</size>
         <input_file_ref idref="fl-7"/>
      </object_component>
      <object_component id="oc-286">
         <name>.debug_line</name>
         <load_address>0xd2f</load_address>
         <run_address>0xd2f</run_address>
         <size>0x1a4</size>
         <input_file_ref idref="fl-8"/>
      </object_component>
      <object_component id="oc-1a5">
         <name>.debug_line</name>
         <load_address>0xed3</load_address>
         <run_address>0xed3</run_address>
         <size>0x8f3</size>
         <input_file_ref idref="fl-8"/>
      </object_component>
      <object_component id="oc-28a">
         <name>.debug_line</name>
         <load_address>0x17c6</load_address>
         <run_address>0x17c6</run_address>
         <size>0x35</size>
         <input_file_ref idref="fl-8"/>
      </object_component>
      <object_component id="oc-127">
         <name>.debug_line</name>
         <load_address>0x17fb</load_address>
         <run_address>0x17fb</run_address>
         <size>0x65</size>
         <input_file_ref idref="fl-9"/>
      </object_component>
      <object_component id="oc-17a">
         <name>.debug_line</name>
         <load_address>0x1860</load_address>
         <run_address>0x1860</run_address>
         <size>0x1d6</size>
         <input_file_ref idref="fl-a"/>
      </object_component>
      <object_component id="oc-dc">
         <name>.debug_line</name>
         <load_address>0x1a36</load_address>
         <run_address>0x1a36</run_address>
         <size>0x35</size>
         <input_file_ref idref="fl-a"/>
      </object_component>
      <object_component id="oc-19a">
         <name>.debug_line</name>
         <load_address>0x1a6b</load_address>
         <run_address>0x1a6b</run_address>
         <size>0x35</size>
         <input_file_ref idref="fl-a"/>
      </object_component>
      <object_component id="oc-1bd">
         <name>.debug_line</name>
         <load_address>0x1aa0</load_address>
         <run_address>0x1aa0</run_address>
         <size>0x35</size>
         <input_file_ref idref="fl-a"/>
      </object_component>
      <object_component id="oc-1bf">
         <name>.debug_line</name>
         <load_address>0x1ad5</load_address>
         <run_address>0x1ad5</run_address>
         <size>0x35</size>
         <input_file_ref idref="fl-a"/>
      </object_component>
      <object_component id="oc-19e">
         <name>.debug_line</name>
         <load_address>0x1b0a</load_address>
         <run_address>0x1b0a</run_address>
         <size>0x35</size>
         <input_file_ref idref="fl-a"/>
      </object_component>
      <object_component id="oc-1bb">
         <name>.debug_line</name>
         <load_address>0x1b3f</load_address>
         <run_address>0x1b3f</run_address>
         <size>0x35</size>
         <input_file_ref idref="fl-a"/>
      </object_component>
      <object_component id="oc-19c">
         <name>.debug_line</name>
         <load_address>0x1b74</load_address>
         <run_address>0x1b74</run_address>
         <size>0x35</size>
         <input_file_ref idref="fl-a"/>
      </object_component>
      <object_component id="oc-1a0">
         <name>.debug_line</name>
         <load_address>0x1ba9</load_address>
         <run_address>0x1ba9</run_address>
         <size>0x35</size>
         <input_file_ref idref="fl-a"/>
      </object_component>
      <object_component id="oc-80">
         <name>.debug_line</name>
         <load_address>0x1bde</load_address>
         <run_address>0x1bde</run_address>
         <size>0xcf7</size>
         <input_file_ref idref="fl-a"/>
      </object_component>
      <object_component id="oc-188">
         <name>.debug_line</name>
         <load_address>0x28d5</load_address>
         <run_address>0x28d5</run_address>
         <size>0x35</size>
         <input_file_ref idref="fl-a"/>
      </object_component>
      <object_component id="oc-22e">
         <name>.debug_line</name>
         <load_address>0x290a</load_address>
         <run_address>0x290a</run_address>
         <size>0x1e6</size>
         <input_file_ref idref="fl-b"/>
      </object_component>
      <object_component id="oc-22a">
         <name>.debug_line</name>
         <load_address>0x2af0</load_address>
         <run_address>0x2af0</run_address>
         <size>0x36</size>
         <input_file_ref idref="fl-b"/>
      </object_component>
      <object_component id="oc-22c">
         <name>.debug_line</name>
         <load_address>0x2b26</load_address>
         <run_address>0x2b26</run_address>
         <size>0x36</size>
         <input_file_ref idref="fl-b"/>
      </object_component>
      <object_component id="oc-228">
         <name>.debug_line</name>
         <load_address>0x2b5c</load_address>
         <run_address>0x2b5c</run_address>
         <size>0x36</size>
         <input_file_ref idref="fl-b"/>
      </object_component>
      <object_component id="oc-226">
         <name>.debug_line</name>
         <load_address>0x2b92</load_address>
         <run_address>0x2b92</run_address>
         <size>0x36</size>
         <input_file_ref idref="fl-b"/>
      </object_component>
      <object_component id="oc-ff">
         <name>.debug_line</name>
         <load_address>0x2bc8</load_address>
         <run_address>0x2bc8</run_address>
         <size>0x446</size>
         <input_file_ref idref="fl-b"/>
      </object_component>
      <object_component id="oc-1b8">
         <name>.debug_line</name>
         <load_address>0x300e</load_address>
         <run_address>0x300e</run_address>
         <size>0x36</size>
         <input_file_ref idref="fl-b"/>
      </object_component>
      <object_component id="oc-110">
         <name>.debug_line</name>
         <load_address>0x3044</load_address>
         <run_address>0x3044</run_address>
         <size>0xa0</size>
         <input_file_ref idref="fl-c"/>
      </object_component>
      <object_component id="oc-e4">
         <name>.debug_line</name>
         <load_address>0x30e4</load_address>
         <run_address>0x30e4</run_address>
         <size>0x4a</size>
         <input_file_ref idref="fl-c"/>
      </object_component>
      <object_component id="oc-10e">
         <name>.debug_line</name>
         <load_address>0x312e</load_address>
         <run_address>0x312e</run_address>
         <size>0x4a</size>
         <input_file_ref idref="fl-c"/>
      </object_component>
      <object_component id="oc-30">
         <name>.debug_line</name>
         <load_address>0x3178</load_address>
         <run_address>0x3178</run_address>
         <size>0x14c</size>
         <input_file_ref idref="fl-c"/>
      </object_component>
      <object_component id="oc-2b">
         <name>.debug_line</name>
         <load_address>0x32c4</load_address>
         <run_address>0x32c4</run_address>
         <size>0xdf</size>
         <input_file_ref idref="fl-d"/>
      </object_component>
      <object_component id="oc-219">
         <name>.debug_line</name>
         <load_address>0x33a3</load_address>
         <run_address>0x33a3</run_address>
         <size>0x76</size>
         <input_file_ref idref="fl-e"/>
      </object_component>
      <object_component id="oc-217">
         <name>.debug_line</name>
         <load_address>0x3419</load_address>
         <run_address>0x3419</run_address>
         <size>0x47</size>
         <input_file_ref idref="fl-e"/>
      </object_component>
      <object_component id="oc-215">
         <name>.debug_line</name>
         <load_address>0x3460</load_address>
         <run_address>0x3460</run_address>
         <size>0x47</size>
         <input_file_ref idref="fl-e"/>
      </object_component>
      <object_component id="oc-ea">
         <name>.debug_line</name>
         <load_address>0x34a7</load_address>
         <run_address>0x34a7</run_address>
         <size>0xca</size>
         <input_file_ref idref="fl-e"/>
      </object_component>
      <object_component id="oc-291">
         <name>.debug_line</name>
         <load_address>0x3571</load_address>
         <run_address>0x3571</run_address>
         <size>0x82</size>
         <input_file_ref idref="fl-14"/>
      </object_component>
      <object_component id="oc-1ee">
         <name>.debug_line</name>
         <load_address>0x35f3</load_address>
         <run_address>0x35f3</run_address>
         <size>0x92</size>
         <input_file_ref idref="fl-14"/>
      </object_component>
      <object_component id="oc-251">
         <name>.debug_line</name>
         <load_address>0x3685</load_address>
         <run_address>0x3685</run_address>
         <size>0x95</size>
         <input_file_ref idref="fl-14"/>
      </object_component>
      <object_component id="oc-24b">
         <name>.debug_line</name>
         <load_address>0x371a</load_address>
         <run_address>0x371a</run_address>
         <size>0xd1</size>
         <input_file_ref idref="fl-14"/>
      </object_component>
      <object_component id="oc-1e8">
         <name>.debug_line</name>
         <load_address>0x37eb</load_address>
         <run_address>0x37eb</run_address>
         <size>0x99</size>
         <input_file_ref idref="fl-14"/>
      </object_component>
      <object_component id="oc-23d">
         <name>.debug_line</name>
         <load_address>0x3884</load_address>
         <run_address>0x3884</run_address>
         <size>0x20</size>
         <input_file_ref idref="fl-14"/>
      </object_component>
      <object_component id="oc-1db">
         <name>.debug_line</name>
         <load_address>0x38a4</load_address>
         <run_address>0x38a4</run_address>
         <size>0x69</size>
         <input_file_ref idref="fl-14"/>
      </object_component>
      <object_component id="oc-240">
         <name>.debug_line</name>
         <load_address>0x390d</load_address>
         <run_address>0x390d</run_address>
         <size>0x13d</size>
         <input_file_ref idref="fl-16"/>
      </object_component>
      <object_component id="oc-235">
         <name>.debug_line</name>
         <load_address>0x3a4a</load_address>
         <run_address>0x3a4a</run_address>
         <size>0x7f</size>
         <input_file_ref idref="fl-16"/>
      </object_component>
      <object_component id="oc-237">
         <name>.debug_line</name>
         <load_address>0x3ac9</load_address>
         <run_address>0x3ac9</run_address>
         <size>0x7f</size>
         <input_file_ref idref="fl-16"/>
      </object_component>
      <object_component id="oc-28d">
         <name>.debug_line</name>
         <load_address>0x3b48</load_address>
         <run_address>0x3b48</run_address>
         <size>0x7f</size>
         <input_file_ref idref="fl-16"/>
      </object_component>
      <object_component id="oc-239">
         <name>.debug_line</name>
         <load_address>0x3bc7</load_address>
         <run_address>0x3bc7</run_address>
         <size>0x7f</size>
         <input_file_ref idref="fl-16"/>
      </object_component>
      <object_component id="oc-1e1">
         <name>.debug_line</name>
         <load_address>0x3c46</load_address>
         <run_address>0x3c46</run_address>
         <size>0x94</size>
         <input_file_ref idref="fl-16"/>
      </object_component>
      <object_component id="oc-1c5">
         <name>.debug_line</name>
         <load_address>0x3cda</load_address>
         <run_address>0x3cda</run_address>
         <size>0x9e</size>
         <input_file_ref idref="fl-16"/>
      </object_component>
      <object_component id="oc-1cb">
         <name>.debug_line</name>
         <load_address>0x3d78</load_address>
         <run_address>0x3d78</run_address>
         <size>0xb0</size>
         <input_file_ref idref="fl-16"/>
      </object_component>
      <object_component id="oc-130">
         <name>.debug_line</name>
         <load_address>0x3e28</load_address>
         <run_address>0x3e28</run_address>
         <size>0x196</size>
         <input_file_ref idref="fl-16"/>
      </object_component>
      <object_component id="oc-244">
         <name>.debug_line</name>
         <load_address>0x3fbe</load_address>
         <run_address>0x3fbe</run_address>
         <size>0x7f</size>
         <input_file_ref idref="fl-16"/>
      </object_component>
      <object_component id="oc-44">
         <name>.debug_line</name>
         <load_address>0x403d</load_address>
         <run_address>0x403d</run_address>
         <size>0x88</size>
         <input_file_ref idref="fl-cd"/>
      </object_component>
      <object_component id="oc-c1">
         <name>.debug_line</name>
         <load_address>0x40c5</load_address>
         <run_address>0x40c5</run_address>
         <size>0x79</size>
         <input_file_ref idref="fl-ce"/>
      </object_component>
      <object_component id="oc-12a">
         <name>.debug_line</name>
         <load_address>0x413e</load_address>
         <run_address>0x413e</run_address>
         <size>0x9e</size>
         <input_file_ref idref="fl-cf"/>
      </object_component>
      <object_component id="oc-56">
         <name>.debug_line</name>
         <load_address>0x41dc</load_address>
         <run_address>0x41dc</run_address>
         <size>0x4f</size>
         <input_file_ref idref="fl-cf"/>
      </object_component>
      <object_component id="oc-ba">
         <name>.debug_line</name>
         <load_address>0x422b</load_address>
         <run_address>0x422b</run_address>
         <size>0x34</size>
         <input_file_ref idref="fl-cf"/>
      </object_component>
      <object_component id="oc-b5">
         <name>.debug_line</name>
         <load_address>0x425f</load_address>
         <run_address>0x425f</run_address>
         <size>0x20</size>
         <input_file_ref idref="fl-d0"/>
      </object_component>
      <object_component id="oc-1c">
         <name>.debug_line</name>
         <load_address>0x427f</load_address>
         <run_address>0x427f</run_address>
         <size>0x55</size>
         <input_file_ref idref="fl-d0"/>
      </object_component>
      <object_component id="oc-4c">
         <name>.debug_line</name>
         <load_address>0x42d4</load_address>
         <run_address>0x42d4</run_address>
         <size>0x3a</size>
         <input_file_ref idref="fl-d0"/>
      </object_component>
      <object_component id="oc-b2">
         <name>.debug_line</name>
         <load_address>0x430e</load_address>
         <run_address>0x430e</run_address>
         <size>0x8a</size>
         <input_file_ref idref="fl-d0"/>
      </object_component>
      <object_component id="oc-123">
         <name>.debug_line</name>
         <load_address>0x4398</load_address>
         <run_address>0x4398</run_address>
         <size>0x20</size>
         <input_file_ref idref="fl-d1"/>
      </object_component>
      <object_component id="oc-15">
         <name>.debug_line</name>
         <load_address>0x43b8</load_address>
         <run_address>0x43b8</run_address>
         <size>0xa9</size>
         <input_file_ref idref="fl-d1"/>
      </object_component>
      <object_component id="oc-3c">
         <name>.debug_line</name>
         <load_address>0x4461</load_address>
         <run_address>0x4461</run_address>
         <size>0x3a</size>
         <input_file_ref idref="fl-d1"/>
      </object_component>
      <object_component id="oc-120">
         <name>.debug_line</name>
         <load_address>0x449b</load_address>
         <run_address>0x449b</run_address>
         <size>0x92</size>
         <input_file_ref idref="fl-d1"/>
      </object_component>
      <object_component id="oc-ab">
         <name>.debug_line</name>
         <load_address>0x452d</load_address>
         <run_address>0x452d</run_address>
         <size>0x8e</size>
         <input_file_ref idref="fl-d1"/>
      </object_component>
      <object_component id="oc-74">
         <name>.debug_line</name>
         <load_address>0x45bb</load_address>
         <run_address>0x45bb</run_address>
         <size>0x33</size>
         <input_file_ref idref="fl-d2"/>
      </object_component>
      <object_component id="oc-65">
         <name>.debug_line</name>
         <load_address>0x45ee</load_address>
         <run_address>0x45ee</run_address>
         <size>0x56</size>
         <input_file_ref idref="fl-d2"/>
      </object_component>
      <object_component id="oc-13f">
         <name>.debug_line</name>
         <load_address>0x4644</load_address>
         <run_address>0x4644</run_address>
         <size>0x3c</size>
         <input_file_ref idref="fl-d3"/>
      </object_component>
      <object_component id="oc-267">
         <name>.debug_line</name>
         <load_address>0x4680</load_address>
         <run_address>0x4680</run_address>
         <size>0xb7</size>
         <input_file_ref idref="fl-d6"/>
      </object_component>
      <object_component id="oc-148">
         <name>.debug_line</name>
         <load_address>0x4737</load_address>
         <run_address>0x4737</run_address>
         <size>0x6c</size>
         <input_file_ref idref="fl-d6"/>
      </object_component>
      <object_component id="oc-26b">
         <name>.debug_line</name>
         <load_address>0x47a3</load_address>
         <run_address>0x47a3</run_address>
         <size>0x2e</size>
         <input_file_ref idref="fl-d6"/>
      </object_component>
      <object_component id="oc-298">
         <name>.debug_line</name>
         <load_address>0x47d1</load_address>
         <run_address>0x47d1</run_address>
         <size>0x92</size>
         <input_file_ref idref="fl-d6"/>
      </object_component>
      <object_component id="oc-270">
         <name>.debug_line</name>
         <load_address>0x4863</load_address>
         <run_address>0x4863</run_address>
         <size>0x8f</size>
         <input_file_ref idref="fl-d6"/>
      </object_component>
      <object_component id="oc-275">
         <name>.debug_line</name>
         <load_address>0x48f2</load_address>
         <run_address>0x48f2</run_address>
         <size>0x8b</size>
         <input_file_ref idref="fl-d6"/>
      </object_component>
      <object_component id="oc-c8">
         <name>.debug_line</name>
         <load_address>0x497d</load_address>
         <run_address>0x497d</run_address>
         <size>0x40</size>
         <input_file_ref idref="fl-d7"/>
      </object_component>
      <object_component id="oc-ce">
         <name>.debug_frame</name>
         <load_address>0x0</load_address>
         <run_address>0x0</run_address>
         <size>0x70</size>
         <input_file_ref idref="fl-2"/>
      </object_component>
      <object_component id="oc-28">
         <name>.debug_frame</name>
         <load_address>0x70</load_address>
         <run_address>0x70</run_address>
         <size>0x90</size>
         <input_file_ref idref="fl-3"/>
      </object_component>
      <object_component id="oc-136">
         <name>.debug_frame</name>
         <load_address>0x100</load_address>
         <run_address>0x100</run_address>
         <size>0x5c</size>
         <input_file_ref idref="fl-4"/>
      </object_component>
      <object_component id="oc-f0">
         <name>.debug_frame</name>
         <load_address>0x15c</load_address>
         <run_address>0x15c</run_address>
         <size>0xb8</size>
         <input_file_ref idref="fl-7"/>
      </object_component>
      <object_component id="oc-1a6">
         <name>.debug_frame</name>
         <load_address>0x214</load_address>
         <run_address>0x214</run_address>
         <size>0x410</size>
         <input_file_ref idref="fl-8"/>
      </object_component>
      <object_component id="oc-81">
         <name>.debug_frame</name>
         <load_address>0x624</load_address>
         <run_address>0x624</run_address>
         <size>0x698</size>
         <input_file_ref idref="fl-a"/>
      </object_component>
      <object_component id="oc-102">
         <name>.debug_frame</name>
         <load_address>0xcbc</load_address>
         <run_address>0xcbc</run_address>
         <size>0x28c</size>
         <input_file_ref idref="fl-b"/>
      </object_component>
      <object_component id="oc-34">
         <name>.debug_frame</name>
         <load_address>0xf48</load_address>
         <run_address>0xf48</run_address>
         <size>0xec</size>
         <input_file_ref idref="fl-c"/>
      </object_component>
      <object_component id="oc-e9">
         <name>.debug_frame</name>
         <load_address>0x1034</load_address>
         <run_address>0x1034</run_address>
         <size>0x9c</size>
         <input_file_ref idref="fl-e"/>
      </object_component>
      <object_component id="oc-1ef">
         <name>.debug_frame</name>
         <load_address>0x1334</load_address>
         <run_address>0x1334</run_address>
         <size>0x7f</size>
         <input_file_ref idref="fl-14"/>
      </object_component>
      <object_component id="oc-252">
         <name>.debug_frame</name>
         <load_address>0x13b3</load_address>
         <run_address>0x13b3</run_address>
         <size>0x7f</size>
         <input_file_ref idref="fl-14"/>
      </object_component>
      <object_component id="oc-24c">
         <name>.debug_frame</name>
         <load_address>0x1432</load_address>
         <run_address>0x1432</run_address>
         <size>0x8f</size>
         <input_file_ref idref="fl-14"/>
      </object_component>
      <object_component id="oc-1e9">
         <name>.debug_frame</name>
         <load_address>0x14c1</load_address>
         <run_address>0x14c1</run_address>
         <size>0x8a</size>
         <input_file_ref idref="fl-14"/>
      </object_component>
      <object_component id="oc-1df">
         <name>.debug_frame</name>
         <load_address>0x154b</load_address>
         <run_address>0x154b</run_address>
         <size>0x7f</size>
         <input_file_ref idref="fl-16"/>
      </object_component>
      <object_component id="oc-1c4">
         <name>.debug_frame</name>
         <load_address>0x15ca</load_address>
         <run_address>0x15ca</run_address>
         <size>0x7f</size>
         <input_file_ref idref="fl-16"/>
      </object_component>
      <object_component id="oc-1ca">
         <name>.debug_frame</name>
         <load_address>0x1649</load_address>
         <run_address>0x1649</run_address>
         <size>0x8a</size>
         <input_file_ref idref="fl-16"/>
      </object_component>
      <object_component id="oc-12f">
         <name>.debug_frame</name>
         <load_address>0x16d3</load_address>
         <run_address>0x16d3</run_address>
         <size>0x98</size>
         <input_file_ref idref="fl-16"/>
      </object_component>
      <object_component id="oc-5a">
         <name>.debug_frame</name>
         <load_address>0x10d0</load_address>
         <run_address>0x10d0</run_address>
         <size>0x54</size>
         <input_file_ref idref="fl-cf"/>
      </object_component>
      <object_component id="oc-1d">
         <name>.debug_frame</name>
         <load_address>0x1124</load_address>
         <run_address>0x1124</run_address>
         <size>0x54</size>
         <input_file_ref idref="fl-d0"/>
      </object_component>
      <object_component id="oc-13">
         <name>.debug_frame</name>
         <load_address>0x1178</load_address>
         <run_address>0x1178</run_address>
         <size>0x60</size>
         <input_file_ref idref="fl-d1"/>
      </object_component>
      <object_component id="oc-66">
         <name>.debug_frame</name>
         <load_address>0x11d8</load_address>
         <run_address>0x11d8</run_address>
         <size>0x58</size>
         <input_file_ref idref="fl-d2"/>
      </object_component>
      <object_component id="oc-140">
         <name>.debug_frame</name>
         <load_address>0x1230</load_address>
         <run_address>0x1230</run_address>
         <size>0x54</size>
         <input_file_ref idref="fl-d3"/>
      </object_component>
      <object_component id="oc-14c">
         <name>.debug_frame</name>
         <load_address>0x1284</load_address>
         <run_address>0x1284</run_address>
         <size>0x5c</size>
         <input_file_ref idref="fl-d6"/>
      </object_component>
      <object_component id="oc-c4">
         <name>.debug_frame</name>
         <load_address>0x12e0</load_address>
         <run_address>0x12e0</run_address>
         <size>0x54</size>
         <input_file_ref idref="fl-d7"/>
      </object_component>
      <object_component id="oc-1c0">
         <name>.debug_abbrev</name>
         <load_address>0x0</load_address>
         <run_address>0x0</run_address>
         <size>0xe0</size>
         <input_file_ref idref="fl-2"/>
      </object_component>
      <object_component id="oc-13a">
         <name>.debug_abbrev</name>
         <load_address>0xe0</load_address>
         <run_address>0xe0</run_address>
         <size>0xa9</size>
         <input_file_ref idref="fl-2"/>
      </object_component>
      <object_component id="oc-e0">
         <name>.debug_abbrev</name>
         <load_address>0x189</load_address>
         <run_address>0x189</run_address>
         <size>0x90</size>
         <input_file_ref idref="fl-2"/>
      </object_component>
      <object_component id="oc-a0">
         <name>.debug_abbrev</name>
         <load_address>0x219</load_address>
         <run_address>0x219</run_address>
         <size>0x69</size>
         <input_file_ref idref="fl-2"/>
      </object_component>
      <object_component id="oc-a5">
         <name>.debug_abbrev</name>
         <load_address>0x282</load_address>
         <run_address>0x282</run_address>
         <size>0x70</size>
         <input_file_ref idref="fl-2"/>
      </object_component>
      <object_component id="oc-40">
         <name>.debug_abbrev</name>
         <load_address>0x2f2</load_address>
         <run_address>0x2f2</run_address>
         <size>0x1f</size>
         <input_file_ref idref="fl-2"/>
      </object_component>
      <object_component id="oc-222">
         <name>.debug_abbrev</name>
         <load_address>0x311</load_address>
         <run_address>0x311</run_address>
         <size>0x24</size>
         <input_file_ref idref="fl-2"/>
      </object_component>
      <object_component id="oc-8a">
         <name>.debug_abbrev</name>
         <load_address>0x335</load_address>
         <run_address>0x335</run_address>
         <size>0x24</size>
         <input_file_ref idref="fl-2"/>
      </object_component>
      <object_component id="oc-11a">
         <name>.debug_abbrev</name>
         <load_address>0x359</load_address>
         <run_address>0x359</run_address>
         <size>0x5c</size>
         <input_file_ref idref="fl-2"/>
      </object_component>
      <object_component id="oc-96">
         <name>.debug_abbrev</name>
         <load_address>0x3b5</load_address>
         <run_address>0x3b5</run_address>
         <size>0x24</size>
         <input_file_ref idref="fl-2"/>
      </object_component>
      <object_component id="oc-9b">
         <name>.debug_abbrev</name>
         <load_address>0x3d9</load_address>
         <run_address>0x3d9</run_address>
         <size>0x24</size>
         <input_file_ref idref="fl-2"/>
      </object_component>
      <object_component id="oc-8f">
         <name>.debug_abbrev</name>
         <load_address>0x3fd</load_address>
         <run_address>0x3fd</run_address>
         <size>0x24</size>
         <input_file_ref idref="fl-2"/>
      </object_component>
      <object_component id="oc-113">
         <name>.debug_abbrev</name>
         <load_address>0x421</load_address>
         <run_address>0x421</run_address>
         <size>0x61</size>
         <input_file_ref idref="fl-2"/>
      </object_component>
      <object_component id="oc-92">
         <name>.debug_abbrev</name>
         <load_address>0x482</load_address>
         <run_address>0x482</run_address>
         <size>0xa6</size>
         <input_file_ref idref="fl-3"/>
      </object_component>
      <object_component id="oc-35">
         <name>.debug_abbrev</name>
         <load_address>0x528</load_address>
         <run_address>0x528</run_address>
         <size>0x29</size>
         <input_file_ref idref="fl-3"/>
      </object_component>
      <object_component id="oc-75">
         <name>.debug_abbrev</name>
         <load_address>0x551</load_address>
         <run_address>0x551</run_address>
         <size>0xcb</size>
         <input_file_ref idref="fl-3"/>
      </object_component>
      <object_component id="oc-256">
         <name>.debug_abbrev</name>
         <load_address>0x61c</load_address>
         <run_address>0x61c</run_address>
         <size>0xca</size>
         <input_file_ref idref="fl-4"/>
      </object_component>
      <object_component id="oc-1f1">
         <name>.debug_abbrev</name>
         <load_address>0x6e6</load_address>
         <run_address>0x6e6</run_address>
         <size>0x6e</size>
         <input_file_ref idref="fl-4"/>
      </object_component>
      <object_component id="oc-279">
         <name>.debug_abbrev</name>
         <load_address>0x754</load_address>
         <run_address>0x754</run_address>
         <size>0x111</size>
         <input_file_ref idref="fl-6"/>
      </object_component>
      <object_component id="oc-182">
         <name>.debug_abbrev</name>
         <load_address>0x865</load_address>
         <run_address>0x865</run_address>
         <size>0x5a</size>
         <input_file_ref idref="fl-6"/>
      </object_component>
      <object_component id="oc-18c">
         <name>.debug_abbrev</name>
         <load_address>0x8bf</load_address>
         <run_address>0x8bf</run_address>
         <size>0x70</size>
         <input_file_ref idref="fl-6"/>
      </object_component>
      <object_component id="oc-27d">
         <name>.debug_abbrev</name>
         <load_address>0x92f</load_address>
         <run_address>0x92f</run_address>
         <size>0x24</size>
         <input_file_ref idref="fl-6"/>
      </object_component>
      <object_component id="oc-17d">
         <name>.debug_abbrev</name>
         <load_address>0x953</load_address>
         <run_address>0x953</run_address>
         <size>0x24</size>
         <input_file_ref idref="fl-6"/>
      </object_component>
      <object_component id="oc-282">
         <name>.debug_abbrev</name>
         <load_address>0x977</load_address>
         <run_address>0x977</run_address>
         <size>0x4b</size>
         <input_file_ref idref="fl-6"/>
      </object_component>
      <object_component id="oc-21a">
         <name>.debug_abbrev</name>
         <load_address>0x9c2</load_address>
         <run_address>0x9c2</run_address>
         <size>0x88</size>
         <input_file_ref idref="fl-7"/>
      </object_component>
      <object_component id="oc-197">
         <name>.debug_abbrev</name>
         <load_address>0xa4a</load_address>
         <run_address>0xa4a</run_address>
         <size>0x9b</size>
         <input_file_ref idref="fl-7"/>
      </object_component>
      <object_component id="oc-285">
         <name>.debug_abbrev</name>
         <load_address>0xae5</load_address>
         <run_address>0xae5</run_address>
         <size>0x155</size>
         <input_file_ref idref="fl-8"/>
      </object_component>
      <object_component id="oc-21f">
         <name>.debug_abbrev</name>
         <load_address>0xc3a</load_address>
         <run_address>0xc3a</run_address>
         <size>0x13b</size>
         <input_file_ref idref="fl-8"/>
      </object_component>
      <object_component id="oc-289">
         <name>.debug_abbrev</name>
         <load_address>0xd75</load_address>
         <run_address>0xd75</run_address>
         <size>0x70</size>
         <input_file_ref idref="fl-8"/>
      </object_component>
      <object_component id="oc-126">
         <name>.debug_abbrev</name>
         <load_address>0xde5</load_address>
         <run_address>0xde5</run_address>
         <size>0x24</size>
         <input_file_ref idref="fl-9"/>
      </object_component>
      <object_component id="oc-179">
         <name>.debug_abbrev</name>
         <load_address>0xe09</load_address>
         <run_address>0xe09</run_address>
         <size>0x132</size>
         <input_file_ref idref="fl-a"/>
      </object_component>
      <object_component id="oc-db">
         <name>.debug_abbrev</name>
         <load_address>0xf3b</load_address>
         <run_address>0xf3b</run_address>
         <size>0x3d</size>
         <input_file_ref idref="fl-a"/>
      </object_component>
      <object_component id="oc-199">
         <name>.debug_abbrev</name>
         <load_address>0xf78</load_address>
         <run_address>0xf78</run_address>
         <size>0x27</size>
         <input_file_ref idref="fl-a"/>
      </object_component>
      <object_component id="oc-1bc">
         <name>.debug_abbrev</name>
         <load_address>0xf9f</load_address>
         <run_address>0xf9f</run_address>
         <size>0x27</size>
         <input_file_ref idref="fl-a"/>
      </object_component>
      <object_component id="oc-1be">
         <name>.debug_abbrev</name>
         <load_address>0xfc6</load_address>
         <run_address>0xfc6</run_address>
         <size>0x27</size>
         <input_file_ref idref="fl-a"/>
      </object_component>
      <object_component id="oc-19d">
         <name>.debug_abbrev</name>
         <load_address>0xfed</load_address>
         <run_address>0xfed</run_address>
         <size>0x27</size>
         <input_file_ref idref="fl-a"/>
      </object_component>
      <object_component id="oc-1ba">
         <name>.debug_abbrev</name>
         <load_address>0x1014</load_address>
         <run_address>0x1014</run_address>
         <size>0x27</size>
         <input_file_ref idref="fl-a"/>
      </object_component>
      <object_component id="oc-19b">
         <name>.debug_abbrev</name>
         <load_address>0x103b</load_address>
         <run_address>0x103b</run_address>
         <size>0x27</size>
         <input_file_ref idref="fl-a"/>
      </object_component>
      <object_component id="oc-19f">
         <name>.debug_abbrev</name>
         <load_address>0x1062</load_address>
         <run_address>0x1062</run_address>
         <size>0x27</size>
         <input_file_ref idref="fl-a"/>
      </object_component>
      <object_component id="oc-10c">
         <name>.debug_abbrev</name>
         <load_address>0x1089</load_address>
         <run_address>0x1089</run_address>
         <size>0x10c</size>
         <input_file_ref idref="fl-a"/>
      </object_component>
      <object_component id="oc-187">
         <name>.debug_abbrev</name>
         <load_address>0x1195</load_address>
         <run_address>0x1195</run_address>
         <size>0x4b</size>
         <input_file_ref idref="fl-a"/>
      </object_component>
      <object_component id="oc-22d">
         <name>.debug_abbrev</name>
         <load_address>0x11e0</load_address>
         <run_address>0x11e0</run_address>
         <size>0x129</size>
         <input_file_ref idref="fl-b"/>
      </object_component>
      <object_component id="oc-229">
         <name>.debug_abbrev</name>
         <load_address>0x1309</load_address>
         <run_address>0x1309</run_address>
         <size>0x27</size>
         <input_file_ref idref="fl-b"/>
      </object_component>
      <object_component id="oc-22b">
         <name>.debug_abbrev</name>
         <load_address>0x1330</load_address>
         <run_address>0x1330</run_address>
         <size>0x27</size>
         <input_file_ref idref="fl-b"/>
      </object_component>
      <object_component id="oc-227">
         <name>.debug_abbrev</name>
         <load_address>0x1357</load_address>
         <run_address>0x1357</run_address>
         <size>0x27</size>
         <input_file_ref idref="fl-b"/>
      </object_component>
      <object_component id="oc-225">
         <name>.debug_abbrev</name>
         <load_address>0x137e</load_address>
         <run_address>0x137e</run_address>
         <size>0x27</size>
         <input_file_ref idref="fl-b"/>
      </object_component>
      <object_component id="oc-1b3">
         <name>.debug_abbrev</name>
         <load_address>0x13a5</load_address>
         <run_address>0x13a5</run_address>
         <size>0x13f</size>
         <input_file_ref idref="fl-b"/>
      </object_component>
      <object_component id="oc-1b7">
         <name>.debug_abbrev</name>
         <load_address>0x14e4</load_address>
         <run_address>0x14e4</run_address>
         <size>0x70</size>
         <input_file_ref idref="fl-b"/>
      </object_component>
      <object_component id="oc-10f">
         <name>.debug_abbrev</name>
         <load_address>0x1554</load_address>
         <run_address>0x1554</run_address>
         <size>0xab</size>
         <input_file_ref idref="fl-c"/>
      </object_component>
      <object_component id="oc-e3">
         <name>.debug_abbrev</name>
         <load_address>0x15ff</load_address>
         <run_address>0x15ff</run_address>
         <size>0x29</size>
         <input_file_ref idref="fl-c"/>
      </object_component>
      <object_component id="oc-10d">
         <name>.debug_abbrev</name>
         <load_address>0x1628</load_address>
         <run_address>0x1628</run_address>
         <size>0x27</size>
         <input_file_ref idref="fl-c"/>
      </object_component>
      <object_component id="oc-86">
         <name>.debug_abbrev</name>
         <load_address>0x164f</load_address>
         <run_address>0x164f</run_address>
         <size>0x101</size>
         <input_file_ref idref="fl-c"/>
      </object_component>
      <object_component id="oc-82">
         <name>.debug_abbrev</name>
         <load_address>0x1750</load_address>
         <run_address>0x1750</run_address>
         <size>0x75</size>
         <input_file_ref idref="fl-d"/>
      </object_component>
      <object_component id="oc-218">
         <name>.debug_abbrev</name>
         <load_address>0x17c5</load_address>
         <run_address>0x17c5</run_address>
         <size>0xc6</size>
         <input_file_ref idref="fl-e"/>
      </object_component>
      <object_component id="oc-216">
         <name>.debug_abbrev</name>
         <load_address>0x188b</load_address>
         <run_address>0x188b</run_address>
         <size>0x27</size>
         <input_file_ref idref="fl-e"/>
      </object_component>
      <object_component id="oc-214">
         <name>.debug_abbrev</name>
         <load_address>0x18b2</load_address>
         <run_address>0x18b2</run_address>
         <size>0x27</size>
         <input_file_ref idref="fl-e"/>
      </object_component>
      <object_component id="oc-195">
         <name>.debug_abbrev</name>
         <load_address>0x18d9</load_address>
         <run_address>0x18d9</run_address>
         <size>0xa9</size>
         <input_file_ref idref="fl-e"/>
      </object_component>
      <object_component id="oc-290">
         <name>.debug_abbrev</name>
         <load_address>0x1982</load_address>
         <run_address>0x1982</run_address>
         <size>0x72</size>
         <input_file_ref idref="fl-14"/>
      </object_component>
      <object_component id="oc-255">
         <name>.debug_abbrev</name>
         <load_address>0x19f4</load_address>
         <run_address>0x19f4</run_address>
         <size>0x6c</size>
         <input_file_ref idref="fl-14"/>
      </object_component>
      <object_component id="oc-28f">
         <name>.debug_abbrev</name>
         <load_address>0x1a60</load_address>
         <run_address>0x1a60</run_address>
         <size>0x6c</size>
         <input_file_ref idref="fl-14"/>
      </object_component>
      <object_component id="oc-28e">
         <name>.debug_abbrev</name>
         <load_address>0x1acc</load_address>
         <run_address>0x1acc</run_address>
         <size>0x6c</size>
         <input_file_ref idref="fl-14"/>
      </object_component>
      <object_component id="oc-253">
         <name>.debug_abbrev</name>
         <load_address>0x1b38</load_address>
         <run_address>0x1b38</run_address>
         <size>0x7a</size>
         <input_file_ref idref="fl-14"/>
      </object_component>
      <object_component id="oc-23c">
         <name>.debug_abbrev</name>
         <load_address>0x1bb2</load_address>
         <run_address>0x1bb2</run_address>
         <size>0x1f</size>
         <input_file_ref idref="fl-14"/>
      </object_component>
      <object_component id="oc-1da">
         <name>.debug_abbrev</name>
         <load_address>0x1bd1</load_address>
         <run_address>0x1bd1</run_address>
         <size>0x35</size>
         <input_file_ref idref="fl-14"/>
      </object_component>
      <object_component id="oc-23f">
         <name>.debug_abbrev</name>
         <load_address>0x1c06</load_address>
         <run_address>0x1c06</run_address>
         <size>0xb0</size>
         <input_file_ref idref="fl-16"/>
      </object_component>
      <object_component id="oc-234">
         <name>.debug_abbrev</name>
         <load_address>0x1cb6</load_address>
         <run_address>0x1cb6</run_address>
         <size>0x27</size>
         <input_file_ref idref="fl-16"/>
      </object_component>
      <object_component id="oc-236">
         <name>.debug_abbrev</name>
         <load_address>0x1cdd</load_address>
         <run_address>0x1cdd</run_address>
         <size>0x27</size>
         <input_file_ref idref="fl-16"/>
      </object_component>
      <object_component id="oc-28c">
         <name>.debug_abbrev</name>
         <load_address>0x1d04</load_address>
         <run_address>0x1d04</run_address>
         <size>0x27</size>
         <input_file_ref idref="fl-16"/>
      </object_component>
      <object_component id="oc-238">
         <name>.debug_abbrev</name>
         <load_address>0x1d2b</load_address>
         <run_address>0x1d2b</run_address>
         <size>0x27</size>
         <input_file_ref idref="fl-16"/>
      </object_component>
      <object_component id="oc-246">
         <name>.debug_abbrev</name>
         <load_address>0x1d52</load_address>
         <run_address>0x1d52</run_address>
         <size>0x6c</size>
         <input_file_ref idref="fl-16"/>
      </object_component>
      <object_component id="oc-232">
         <name>.debug_abbrev</name>
         <load_address>0x1dbe</load_address>
         <run_address>0x1dbe</run_address>
         <size>0x6c</size>
         <input_file_ref idref="fl-16"/>
      </object_component>
      <object_component id="oc-233">
         <name>.debug_abbrev</name>
         <load_address>0x1e2a</load_address>
         <run_address>0x1e2a</run_address>
         <size>0x6c</size>
         <input_file_ref idref="fl-16"/>
      </object_component>
      <object_component id="oc-1d7">
         <name>.debug_abbrev</name>
         <load_address>0x1e96</load_address>
         <run_address>0x1e96</run_address>
         <size>0x7c</size>
         <input_file_ref idref="fl-16"/>
      </object_component>
      <object_component id="oc-243">
         <name>.debug_abbrev</name>
         <load_address>0x1f12</load_address>
         <run_address>0x1f12</run_address>
         <size>0x49</size>
         <input_file_ref idref="fl-16"/>
      </object_component>
      <object_component id="oc-ae">
         <name>.debug_abbrev</name>
         <load_address>0x1f5b</load_address>
         <run_address>0x1f5b</run_address>
         <size>0x3e</size>
         <input_file_ref idref="fl-cd"/>
      </object_component>
      <object_component id="oc-12b">
         <name>.debug_abbrev</name>
         <load_address>0x1f99</load_address>
         <run_address>0x1f99</run_address>
         <size>0x4f</size>
         <input_file_ref idref="fl-ce"/>
      </object_component>
      <object_component id="oc-129">
         <name>.debug_abbrev</name>
         <load_address>0x1fe8</load_address>
         <run_address>0x1fe8</run_address>
         <size>0x73</size>
         <input_file_ref idref="fl-cf"/>
      </object_component>
      <object_component id="oc-c2">
         <name>.debug_abbrev</name>
         <load_address>0x205b</load_address>
         <run_address>0x205b</run_address>
         <size>0x74</size>
         <input_file_ref idref="fl-cf"/>
      </object_component>
      <object_component id="oc-b9">
         <name>.debug_abbrev</name>
         <load_address>0x20cf</load_address>
         <run_address>0x20cf</run_address>
         <size>0x24</size>
         <input_file_ref idref="fl-cf"/>
      </object_component>
      <object_component id="oc-b4">
         <name>.debug_abbrev</name>
         <load_address>0x20f3</load_address>
         <run_address>0x20f3</run_address>
         <size>0x37</size>
         <input_file_ref idref="fl-d0"/>
      </object_component>
      <object_component id="oc-48">
         <name>.debug_abbrev</name>
         <load_address>0x212a</load_address>
         <run_address>0x212a</run_address>
         <size>0x74</size>
         <input_file_ref idref="fl-d0"/>
      </object_component>
      <object_component id="oc-4b">
         <name>.debug_abbrev</name>
         <load_address>0x219e</load_address>
         <run_address>0x219e</run_address>
         <size>0x24</size>
         <input_file_ref idref="fl-d0"/>
      </object_component>
      <object_component id="oc-b1">
         <name>.debug_abbrev</name>
         <load_address>0x21c2</load_address>
         <run_address>0x21c2</run_address>
         <size>0x24</size>
         <input_file_ref idref="fl-d0"/>
      </object_component>
      <object_component id="oc-122">
         <name>.debug_abbrev</name>
         <load_address>0x21e6</load_address>
         <run_address>0x21e6</run_address>
         <size>0x37</size>
         <input_file_ref idref="fl-d1"/>
      </object_component>
      <object_component id="oc-38">
         <name>.debug_abbrev</name>
         <load_address>0x221d</load_address>
         <run_address>0x221d</run_address>
         <size>0x6f</size>
         <input_file_ref idref="fl-d1"/>
      </object_component>
      <object_component id="oc-3b">
         <name>.debug_abbrev</name>
         <load_address>0x228c</load_address>
         <run_address>0x228c</run_address>
         <size>0x24</size>
         <input_file_ref idref="fl-d1"/>
      </object_component>
      <object_component id="oc-11f">
         <name>.debug_abbrev</name>
         <load_address>0x22b0</load_address>
         <run_address>0x22b0</run_address>
         <size>0x35</size>
         <input_file_ref idref="fl-d1"/>
      </object_component>
      <object_component id="oc-aa">
         <name>.debug_abbrev</name>
         <load_address>0x22e5</load_address>
         <run_address>0x22e5</run_address>
         <size>0x24</size>
         <input_file_ref idref="fl-d1"/>
      </object_component>
      <object_component id="oc-73">
         <name>.debug_abbrev</name>
         <load_address>0x2309</load_address>
         <run_address>0x2309</run_address>
         <size>0x29</size>
         <input_file_ref idref="fl-d2"/>
      </object_component>
      <object_component id="oc-d2">
         <name>.debug_abbrev</name>
         <load_address>0x2332</load_address>
         <run_address>0x2332</run_address>
         <size>0x61</size>
         <input_file_ref idref="fl-d2"/>
      </object_component>
      <object_component id="oc-1f3">
         <name>.debug_abbrev</name>
         <load_address>0x2393</load_address>
         <run_address>0x2393</run_address>
         <size>0x45</size>
         <input_file_ref idref="fl-d3"/>
      </object_component>
      <object_component id="oc-266">
         <name>.debug_abbrev</name>
         <load_address>0x23d8</load_address>
         <run_address>0x23d8</run_address>
         <size>0xdb</size>
         <input_file_ref idref="fl-d6"/>
      </object_component>
      <object_component id="oc-1fd">
         <name>.debug_abbrev</name>
         <load_address>0x24b3</load_address>
         <run_address>0x24b3</run_address>
         <size>0x7e</size>
         <input_file_ref idref="fl-d6"/>
      </object_component>
      <object_component id="oc-26a">
         <name>.debug_abbrev</name>
         <load_address>0x2531</load_address>
         <run_address>0x2531</run_address>
         <size>0x24</size>
         <input_file_ref idref="fl-d6"/>
      </object_component>
      <object_component id="oc-297">
         <name>.debug_abbrev</name>
         <load_address>0x2555</load_address>
         <run_address>0x2555</run_address>
         <size>0x24</size>
         <input_file_ref idref="fl-d6"/>
      </object_component>
      <object_component id="oc-26f">
         <name>.debug_abbrev</name>
         <load_address>0x2579</load_address>
         <run_address>0x2579</run_address>
         <size>0x24</size>
         <input_file_ref idref="fl-d6"/>
      </object_component>
      <object_component id="oc-274">
         <name>.debug_abbrev</name>
         <load_address>0x259d</load_address>
         <run_address>0x259d</run_address>
         <size>0x4b</size>
         <input_file_ref idref="fl-d6"/>
      </object_component>
      <object_component id="oc-12c">
         <name>.debug_abbrev</name>
         <load_address>0x25e8</load_address>
         <run_address>0x25e8</run_address>
         <size>0x55</size>
         <input_file_ref idref="fl-d7"/>
      </object_component>
      <object_component id="oc-2ce">
         <name>.debug_abbrev</name>
         <load_address>0x263d</load_address>
         <run_address>0x263d</run_address>
         <size>0xf</size>
      </object_component>
      <object_component id="oc-e2">
         <name>.debug_str</name>
         <load_address>0x0</load_address>
         <run_address>0x0</run_address>
         <size>0x37d</size>
         <input_file_ref idref="fl-2"/>
      </object_component>
      <object_component id="oc-a2">
         <name>.debug_str</name>
         <load_address>0x37d</load_address>
         <run_address>0x37d</run_address>
         <size>0x2b9</size>
         <input_file_ref idref="fl-2"/>
      </object_component>
      <object_component id="oc-a7">
         <name>.debug_str</name>
         <load_address>0x636</load_address>
         <run_address>0x636</run_address>
         <size>0x2ff</size>
         <input_file_ref idref="fl-2"/>
      </object_component>
      <object_component id="oc-42">
         <name>.debug_str</name>
         <load_address>0x935</load_address>
         <run_address>0x935</run_address>
         <size>0xfa</size>
         <input_file_ref idref="fl-2"/>
      </object_component>
      <object_component id="oc-224">
         <name>.debug_str</name>
         <load_address>0xa2f</load_address>
         <run_address>0xa2f</run_address>
         <size>0x12c</size>
         <input_file_ref idref="fl-2"/>
      </object_component>
      <object_component id="oc-8c">
         <name>.debug_str</name>
         <load_address>0xb5b</load_address>
         <run_address>0xb5b</run_address>
         <size>0x108</size>
         <input_file_ref idref="fl-2"/>
      </object_component>
      <object_component id="oc-11c">
         <name>.debug_str</name>
         <load_address>0xc63</load_address>
         <run_address>0xc63</run_address>
         <size>0x348</size>
         <input_file_ref idref="fl-2"/>
      </object_component>
      <object_component id="oc-98">
         <name>.debug_str</name>
         <load_address>0xfab</load_address>
         <run_address>0xfab</run_address>
         <size>0x151</size>
         <input_file_ref idref="fl-2"/>
      </object_component>
      <object_component id="oc-9d">
         <name>.debug_str</name>
         <load_address>0x10fc</load_address>
         <run_address>0x10fc</run_address>
         <size>0x109</size>
         <input_file_ref idref="fl-2"/>
      </object_component>
      <object_component id="oc-91">
         <name>.debug_str</name>
         <load_address>0x1205</load_address>
         <run_address>0x1205</run_address>
         <size>0x136</size>
         <input_file_ref idref="fl-2"/>
      </object_component>
      <object_component id="oc-115">
         <name>.debug_str</name>
         <load_address>0x133b</load_address>
         <run_address>0x133b</run_address>
         <size>0x189</size>
         <input_file_ref idref="fl-2"/>
      </object_component>
      <object_component id="oc-184">
         <name>.debug_str</name>
         <load_address>0x14c4</load_address>
         <run_address>0x14c4</run_address>
         <size>0x12f</size>
         <input_file_ref idref="fl-6"/>
      </object_component>
      <object_component id="oc-18e">
         <name>.debug_str</name>
         <load_address>0x15f3</load_address>
         <run_address>0x15f3</run_address>
         <size>0x2ff</size>
         <input_file_ref idref="fl-6"/>
      </object_component>
      <object_component id="oc-27f">
         <name>.debug_str</name>
         <load_address>0x18f2</load_address>
         <run_address>0x18f2</run_address>
         <size>0x11c</size>
         <input_file_ref idref="fl-6"/>
      </object_component>
      <object_component id="oc-17f">
         <name>.debug_str</name>
         <load_address>0x1a0e</load_address>
         <run_address>0x1a0e</run_address>
         <size>0x12e</size>
         <input_file_ref idref="fl-6"/>
      </object_component>
      <object_component id="oc-284">
         <name>.debug_str</name>
         <load_address>0x1b3c</load_address>
         <run_address>0x1b3c</run_address>
         <size>0x112</size>
         <input_file_ref idref="fl-6"/>
      </object_component>
      <object_component id="oc-28b">
         <name>.debug_str</name>
         <load_address>0x1c4e</load_address>
         <run_address>0x1c4e</run_address>
         <size>0x1d7</size>
         <input_file_ref idref="fl-8"/>
      </object_component>
      <object_component id="oc-128">
         <name>.debug_str</name>
         <load_address>0x1e25</load_address>
         <run_address>0x1e25</run_address>
         <size>0xeb</size>
         <input_file_ref idref="fl-9"/>
      </object_component>
      <object_component id="oc-189">
         <name>.debug_str</name>
         <load_address>0x1f10</load_address>
         <run_address>0x1f10</run_address>
         <size>0x172</size>
         <input_file_ref idref="fl-a"/>
      </object_component>
      <object_component id="oc-1b9">
         <name>.debug_str</name>
         <load_address>0x2082</load_address>
         <run_address>0x2082</run_address>
         <size>0x201</size>
         <input_file_ref idref="fl-b"/>
      </object_component>
      <object_component id="oc-23e">
         <name>.debug_str</name>
         <load_address>0x2283</load_address>
         <run_address>0x2283</run_address>
         <size>0xf5</size>
         <input_file_ref idref="fl-14"/>
      </object_component>
      <object_component id="oc-1dc">
         <name>.debug_str</name>
         <load_address>0x2378</load_address>
         <run_address>0x2378</run_address>
         <size>0x241</size>
         <input_file_ref idref="fl-14"/>
      </object_component>
      <object_component id="oc-245">
         <name>.debug_str</name>
         <load_address>0x25b9</load_address>
         <run_address>0x25b9</run_address>
         <size>0x141</size>
         <input_file_ref idref="fl-16"/>
      </object_component>
      <object_component id="oc-bb">
         <name>.debug_str</name>
         <load_address>0x26fa</load_address>
         <run_address>0x26fa</run_address>
         <size>0xfa</size>
         <input_file_ref idref="fl-cf"/>
      </object_component>
      <object_component id="oc-4d">
         <name>.debug_str</name>
         <load_address>0x27f4</load_address>
         <run_address>0x27f4</run_address>
         <size>0x100</size>
         <input_file_ref idref="fl-d0"/>
      </object_component>
      <object_component id="oc-b3">
         <name>.debug_str</name>
         <load_address>0x28f4</load_address>
         <run_address>0x28f4</run_address>
         <size>0x12d</size>
         <input_file_ref idref="fl-d0"/>
      </object_component>
      <object_component id="oc-3d">
         <name>.debug_str</name>
         <load_address>0x2a21</load_address>
         <run_address>0x2a21</run_address>
         <size>0x10d</size>
         <input_file_ref idref="fl-d1"/>
      </object_component>
      <object_component id="oc-121">
         <name>.debug_str</name>
         <load_address>0x2b2e</load_address>
         <run_address>0x2b2e</run_address>
         <size>0x158</size>
         <input_file_ref idref="fl-d1"/>
      </object_component>
      <object_component id="oc-ac">
         <name>.debug_str</name>
         <load_address>0x2c86</load_address>
         <run_address>0x2c86</run_address>
         <size>0x145</size>
         <input_file_ref idref="fl-d1"/>
      </object_component>
      <object_component id="oc-26c">
         <name>.debug_str</name>
         <load_address>0x2dcb</load_address>
         <run_address>0x2dcb</run_address>
         <size>0xe2</size>
         <input_file_ref idref="fl-d6"/>
      </object_component>
      <object_component id="oc-299">
         <name>.debug_str</name>
         <load_address>0x2ead</load_address>
         <run_address>0x2ead</run_address>
         <size>0x144</size>
         <input_file_ref idref="fl-d6"/>
      </object_component>
      <object_component id="oc-271">
         <name>.debug_str</name>
         <load_address>0x2ff1</load_address>
         <run_address>0x2ff1</run_address>
         <size>0x13d</size>
         <input_file_ref idref="fl-d6"/>
      </object_component>
      <object_component id="oc-276">
         <name>.debug_str</name>
         <load_address>0x312e</load_address>
         <run_address>0x312e</run_address>
         <size>0x184</size>
         <input_file_ref idref="fl-d6"/>
      </object_component>
      <object_component id="oc-cc">
         <name>.debug_aranges</name>
         <load_address>0x0</load_address>
         <run_address>0x0</run_address>
         <size>0x28</size>
         <input_file_ref idref="fl-2"/>
      </object_component>
      <object_component id="oc-27">
         <name>.debug_aranges</name>
         <load_address>0x28</load_address>
         <run_address>0x28</run_address>
         <size>0x38</size>
         <input_file_ref idref="fl-3"/>
      </object_component>
      <object_component id="oc-138">
         <name>.debug_aranges</name>
         <load_address>0x60</load_address>
         <run_address>0x60</run_address>
         <size>0x20</size>
         <input_file_ref idref="fl-4"/>
      </object_component>
      <object_component id="oc-ef">
         <name>.debug_aranges</name>
         <load_address>0x80</load_address>
         <run_address>0x80</run_address>
         <size>0x40</size>
         <input_file_ref idref="fl-7"/>
      </object_component>
      <object_component id="oc-1a2">
         <name>.debug_aranges</name>
         <load_address>0xc0</load_address>
         <run_address>0xc0</run_address>
         <size>0x130</size>
         <input_file_ref idref="fl-8"/>
      </object_component>
      <object_component id="oc-7e">
         <name>.debug_aranges</name>
         <load_address>0x1f0</load_address>
         <run_address>0x1f0</run_address>
         <size>0x1e8</size>
         <input_file_ref idref="fl-a"/>
      </object_component>
      <object_component id="oc-fe">
         <name>.debug_aranges</name>
         <load_address>0x3d8</load_address>
         <run_address>0x3d8</run_address>
         <size>0xc8</size>
         <input_file_ref idref="fl-b"/>
      </object_component>
      <object_component id="oc-32">
         <name>.debug_aranges</name>
         <load_address>0x4a0</load_address>
         <run_address>0x4a0</run_address>
         <size>0x58</size>
         <input_file_ref idref="fl-c"/>
      </object_component>
      <object_component id="oc-2d">
         <name>.debug_aranges</name>
         <load_address>0x4f8</load_address>
         <run_address>0x4f8</run_address>
         <size>0x48</size>
         <input_file_ref idref="fl-d"/>
      </object_component>
      <object_component id="oc-e8">
         <name>.debug_aranges</name>
         <load_address>0x540</load_address>
         <run_address>0x540</run_address>
         <size>0x38</size>
         <input_file_ref idref="fl-e"/>
      </object_component>
      <object_component id="oc-1ec">
         <name>.debug_aranges</name>
         <load_address>0x578</load_address>
         <run_address>0x578</run_address>
         <size>0x20</size>
         <input_file_ref idref="fl-14"/>
      </object_component>
      <object_component id="oc-24f">
         <name>.debug_aranges</name>
         <load_address>0x598</load_address>
         <run_address>0x598</run_address>
         <size>0x20</size>
         <input_file_ref idref="fl-14"/>
      </object_component>
      <object_component id="oc-249">
         <name>.debug_aranges</name>
         <load_address>0x5b8</load_address>
         <run_address>0x5b8</run_address>
         <size>0x20</size>
         <input_file_ref idref="fl-14"/>
      </object_component>
      <object_component id="oc-1e7">
         <name>.debug_aranges</name>
         <load_address>0x5d8</load_address>
         <run_address>0x5d8</run_address>
         <size>0x20</size>
         <input_file_ref idref="fl-14"/>
      </object_component>
      <object_component id="oc-1e0">
         <name>.debug_aranges</name>
         <load_address>0x5f8</load_address>
         <run_address>0x5f8</run_address>
         <size>0x20</size>
         <input_file_ref idref="fl-16"/>
      </object_component>
      <object_component id="oc-1c3">
         <name>.debug_aranges</name>
         <load_address>0x618</load_address>
         <run_address>0x618</run_address>
         <size>0x20</size>
         <input_file_ref idref="fl-16"/>
      </object_component>
      <object_component id="oc-1c9">
         <name>.debug_aranges</name>
         <load_address>0x638</load_address>
         <run_address>0x638</run_address>
         <size>0x20</size>
         <input_file_ref idref="fl-16"/>
      </object_component>
      <object_component id="oc-12e">
         <name>.debug_aranges</name>
         <load_address>0x658</load_address>
         <run_address>0x658</run_address>
         <size>0x20</size>
         <input_file_ref idref="fl-16"/>
      </object_component>
      <object_component id="oc-46">
         <name>.debug_aranges</name>
         <load_address>0x678</load_address>
         <run_address>0x678</run_address>
         <size>0x20</size>
         <input_file_ref idref="fl-cd"/>
      </object_component>
      <object_component id="oc-bf">
         <name>.debug_aranges</name>
         <load_address>0x698</load_address>
         <run_address>0x698</run_address>
         <size>0x28</size>
         <input_file_ref idref="fl-ce"/>
      </object_component>
      <object_component id="oc-59">
         <name>.debug_aranges</name>
         <load_address>0x6c0</load_address>
         <run_address>0x6c0</run_address>
         <size>0x20</size>
         <input_file_ref idref="fl-cf"/>
      </object_component>
      <object_component id="oc-1a">
         <name>.debug_aranges</name>
         <load_address>0x6e0</load_address>
         <run_address>0x6e0</run_address>
         <size>0x20</size>
         <input_file_ref idref="fl-d0"/>
      </object_component>
      <object_component id="oc-14">
         <name>.debug_aranges</name>
         <load_address>0x700</load_address>
         <run_address>0x700</run_address>
         <size>0x20</size>
         <input_file_ref idref="fl-d1"/>
      </object_component>
      <object_component id="oc-63">
         <name>.debug_aranges</name>
         <load_address>0x720</load_address>
         <run_address>0x720</run_address>
         <size>0x20</size>
         <input_file_ref idref="fl-d2"/>
      </object_component>
      <object_component id="oc-13e">
         <name>.debug_aranges</name>
         <load_address>0x740</load_address>
         <run_address>0x740</run_address>
         <size>0x20</size>
         <input_file_ref idref="fl-d3"/>
      </object_component>
      <object_component id="oc-14a">
         <name>.debug_aranges</name>
         <load_address>0x760</load_address>
         <run_address>0x760</run_address>
         <size>0x20</size>
         <input_file_ref idref="fl-d6"/>
      </object_component>
      <object_component id="oc-c5">
         <name>.debug_aranges</name>
         <load_address>0x780</load_address>
         <run_address>0x780</run_address>
         <size>0x20</size>
         <input_file_ref idref="fl-d7"/>
      </object_component>
      <object_component id="oc-117">
         <name>.debug_pubnames</name>
         <load_address>0x0</load_address>
         <run_address>0x0</run_address>
         <size>0x25</size>
         <input_file_ref idref="fl-2"/>
      </object_component>
      <object_component id="oc-cb">
         <name>.debug_pubnames</name>
         <load_address>0x25</load_address>
         <run_address>0x25</run_address>
         <size>0x29</size>
         <input_file_ref idref="fl-2"/>
      </object_component>
      <object_component id="oc-11">
         <name>.debug_pubnames</name>
         <load_address>0x4e</load_address>
         <run_address>0x4e</run_address>
         <size>0x23</size>
         <input_file_ref idref="fl-3"/>
      </object_component>
      <object_component id="oc-26">
         <name>.debug_pubnames</name>
         <load_address>0x71</load_address>
         <run_address>0x71</run_address>
         <size>0x4c</size>
         <input_file_ref idref="fl-3"/>
      </object_component>
      <object_component id="oc-139">
         <name>.debug_pubnames</name>
         <load_address>0xbd</load_address>
         <run_address>0xbd</run_address>
         <size>0x24</size>
         <input_file_ref idref="fl-4"/>
      </object_component>
      <object_component id="oc-ee">
         <name>.debug_pubnames</name>
         <load_address>0xe1</load_address>
         <run_address>0xe1</run_address>
         <size>0x72</size>
         <input_file_ref idref="fl-7"/>
      </object_component>
      <object_component id="oc-21e">
         <name>.debug_pubnames</name>
         <load_address>0x153</load_address>
         <run_address>0x153</run_address>
         <size>0x25</size>
         <input_file_ref idref="fl-8"/>
      </object_component>
      <object_component id="oc-1a4">
         <name>.debug_pubnames</name>
         <load_address>0x178</load_address>
         <run_address>0x178</run_address>
         <size>0x37f</size>
         <input_file_ref idref="fl-8"/>
      </object_component>
      <object_component id="oc-78">
         <name>.debug_pubnames</name>
         <load_address>0x4f7</load_address>
         <run_address>0x4f7</run_address>
         <size>0x12a</size>
         <input_file_ref idref="fl-a"/>
      </object_component>
      <object_component id="oc-f3">
         <name>.debug_pubnames</name>
         <load_address>0x621</load_address>
         <run_address>0x621</run_address>
         <size>0x28</size>
         <input_file_ref idref="fl-a"/>
      </object_component>
      <object_component id="oc-108">
         <name>.debug_pubnames</name>
         <load_address>0x649</load_address>
         <run_address>0x649</run_address>
         <size>0x28</size>
         <input_file_ref idref="fl-a"/>
      </object_component>
      <object_component id="oc-10b">
         <name>.debug_pubnames</name>
         <load_address>0x671</load_address>
         <run_address>0x671</run_address>
         <size>0x28</size>
         <input_file_ref idref="fl-a"/>
      </object_component>
      <object_component id="oc-f9">
         <name>.debug_pubnames</name>
         <load_address>0x699</load_address>
         <run_address>0x699</run_address>
         <size>0x46</size>
         <input_file_ref idref="fl-a"/>
      </object_component>
      <object_component id="oc-105">
         <name>.debug_pubnames</name>
         <load_address>0x6df</load_address>
         <run_address>0x6df</run_address>
         <size>0x28</size>
         <input_file_ref idref="fl-a"/>
      </object_component>
      <object_component id="oc-f6">
         <name>.debug_pubnames</name>
         <load_address>0x707</load_address>
         <run_address>0x707</run_address>
         <size>0x2f</size>
         <input_file_ref idref="fl-a"/>
      </object_component>
      <object_component id="oc-fc">
         <name>.debug_pubnames</name>
         <load_address>0x736</load_address>
         <run_address>0x736</run_address>
         <size>0x29</size>
         <input_file_ref idref="fl-a"/>
      </object_component>
      <object_component id="oc-7f">
         <name>.debug_pubnames</name>
         <load_address>0x75f</load_address>
         <run_address>0x75f</run_address>
         <size>0x5cc</size>
         <input_file_ref idref="fl-a"/>
      </object_component>
      <object_component id="oc-1af">
         <name>.debug_pubnames</name>
         <load_address>0xd2b</load_address>
         <run_address>0xd2b</run_address>
         <size>0x28</size>
         <input_file_ref idref="fl-b"/>
      </object_component>
      <object_component id="oc-1b2">
         <name>.debug_pubnames</name>
         <load_address>0xd53</load_address>
         <run_address>0xd53</run_address>
         <size>0x28</size>
         <input_file_ref idref="fl-b"/>
      </object_component>
      <object_component id="oc-1ac">
         <name>.debug_pubnames</name>
         <load_address>0xd7b</load_address>
         <run_address>0xd7b</run_address>
         <size>0x41</size>
         <input_file_ref idref="fl-b"/>
      </object_component>
      <object_component id="oc-1a9">
         <name>.debug_pubnames</name>
         <load_address>0xdbc</load_address>
         <run_address>0xdbc</run_address>
         <size>0x37</size>
         <input_file_ref idref="fl-b"/>
      </object_component>
      <object_component id="oc-101">
         <name>.debug_pubnames</name>
         <load_address>0xdf3</load_address>
         <run_address>0xdf3</run_address>
         <size>0x238</size>
         <input_file_ref idref="fl-b"/>
      </object_component>
      <object_component id="oc-7b">
         <name>.debug_pubnames</name>
         <load_address>0x102b</load_address>
         <run_address>0x102b</run_address>
         <size>0x34</size>
         <input_file_ref idref="fl-c"/>
      </object_component>
      <object_component id="oc-85">
         <name>.debug_pubnames</name>
         <load_address>0x105f</load_address>
         <run_address>0x105f</run_address>
         <size>0x28</size>
         <input_file_ref idref="fl-c"/>
      </object_component>
      <object_component id="oc-33">
         <name>.debug_pubnames</name>
         <load_address>0x1087</load_address>
         <run_address>0x1087</run_address>
         <size>0xd1</size>
         <input_file_ref idref="fl-c"/>
      </object_component>
      <object_component id="oc-2e">
         <name>.debug_pubnames</name>
         <load_address>0x1158</load_address>
         <run_address>0x1158</run_address>
         <size>0x94</size>
         <input_file_ref idref="fl-d"/>
      </object_component>
      <object_component id="oc-194">
         <name>.debug_pubnames</name>
         <load_address>0x11ec</load_address>
         <run_address>0x11ec</run_address>
         <size>0x1d</size>
         <input_file_ref idref="fl-e"/>
      </object_component>
      <object_component id="oc-191">
         <name>.debug_pubnames</name>
         <load_address>0x1209</load_address>
         <run_address>0x1209</run_address>
         <size>0x24</size>
         <input_file_ref idref="fl-e"/>
      </object_component>
      <object_component id="oc-e7">
         <name>.debug_pubnames</name>
         <load_address>0x122d</load_address>
         <run_address>0x122d</run_address>
         <size>0x64</size>
         <input_file_ref idref="fl-e"/>
      </object_component>
      <object_component id="oc-1ed">
         <name>.debug_pubnames</name>
         <load_address>0x1291</load_address>
         <run_address>0x1291</run_address>
         <size>0x23</size>
         <input_file_ref idref="fl-14"/>
      </object_component>
      <object_component id="oc-250">
         <name>.debug_pubnames</name>
         <load_address>0x12b4</load_address>
         <run_address>0x12b4</run_address>
         <size>0x25</size>
         <input_file_ref idref="fl-14"/>
      </object_component>
      <object_component id="oc-24a">
         <name>.debug_pubnames</name>
         <load_address>0x12d9</load_address>
         <run_address>0x12d9</run_address>
         <size>0x27</size>
         <input_file_ref idref="fl-14"/>
      </object_component>
      <object_component id="oc-1e6">
         <name>.debug_pubnames</name>
         <load_address>0x1300</load_address>
         <run_address>0x1300</run_address>
         <size>0x2c</size>
         <input_file_ref idref="fl-14"/>
      </object_component>
      <object_component id="oc-1d0">
         <name>.debug_pubnames</name>
         <load_address>0x132c</load_address>
         <run_address>0x132c</run_address>
         <size>0x23</size>
         <input_file_ref idref="fl-16"/>
      </object_component>
      <object_component id="oc-1d3">
         <name>.debug_pubnames</name>
         <load_address>0x134f</load_address>
         <run_address>0x134f</run_address>
         <size>0x29</size>
         <input_file_ref idref="fl-16"/>
      </object_component>
      <object_component id="oc-231">
         <name>.debug_pubnames</name>
         <load_address>0x1378</load_address>
         <run_address>0x1378</run_address>
         <size>0x26</size>
         <input_file_ref idref="fl-16"/>
      </object_component>
      <object_component id="oc-1d6">
         <name>.debug_pubnames</name>
         <load_address>0x139e</load_address>
         <run_address>0x139e</run_address>
         <size>0x2c</size>
         <input_file_ref idref="fl-16"/>
      </object_component>
      <object_component id="oc-1e3">
         <name>.debug_pubnames</name>
         <load_address>0x13ca</load_address>
         <run_address>0x13ca</run_address>
         <size>0x2d</size>
         <input_file_ref idref="fl-16"/>
      </object_component>
      <object_component id="oc-1c7">
         <name>.debug_pubnames</name>
         <load_address>0x13f7</load_address>
         <run_address>0x13f7</run_address>
         <size>0x2a</size>
         <input_file_ref idref="fl-16"/>
      </object_component>
      <object_component id="oc-1cd">
         <name>.debug_pubnames</name>
         <load_address>0x1421</load_address>
         <run_address>0x1421</run_address>
         <size>0x2a</size>
         <input_file_ref idref="fl-16"/>
      </object_component>
      <object_component id="oc-132">
         <name>.debug_pubnames</name>
         <load_address>0x144b</load_address>
         <run_address>0x144b</run_address>
         <size>0x29</size>
         <input_file_ref idref="fl-16"/>
      </object_component>
      <object_component id="oc-47">
         <name>.debug_pubnames</name>
         <load_address>0x1474</load_address>
         <run_address>0x1474</run_address>
         <size>0x1d</size>
         <input_file_ref idref="fl-cd"/>
      </object_component>
      <object_component id="oc-c0">
         <name>.debug_pubnames</name>
         <load_address>0x1491</load_address>
         <run_address>0x1491</run_address>
         <size>0x37</size>
         <input_file_ref idref="fl-ce"/>
      </object_component>
      <object_component id="oc-58">
         <name>.debug_pubnames</name>
         <load_address>0x14c8</load_address>
         <run_address>0x14c8</run_address>
         <size>0x25</size>
         <input_file_ref idref="fl-cf"/>
      </object_component>
      <object_component id="oc-1b">
         <name>.debug_pubnames</name>
         <load_address>0x14ed</load_address>
         <run_address>0x14ed</run_address>
         <size>0x2b</size>
         <input_file_ref idref="fl-d0"/>
      </object_component>
      <object_component id="oc-17">
         <name>.debug_pubnames</name>
         <load_address>0x1518</load_address>
         <run_address>0x1518</run_address>
         <size>0x2b</size>
         <input_file_ref idref="fl-d1"/>
      </object_component>
      <object_component id="oc-23">
         <name>.debug_pubnames</name>
         <load_address>0x1543</load_address>
         <run_address>0x1543</run_address>
         <size>0x1e</size>
         <input_file_ref idref="fl-d2"/>
      </object_component>
      <object_component id="oc-64">
         <name>.debug_pubnames</name>
         <load_address>0x1561</load_address>
         <run_address>0x1561</run_address>
         <size>0x26</size>
         <input_file_ref idref="fl-d2"/>
      </object_component>
      <object_component id="oc-13d">
         <name>.debug_pubnames</name>
         <load_address>0x1587</load_address>
         <run_address>0x1587</run_address>
         <size>0x1c</size>
         <input_file_ref idref="fl-d3"/>
      </object_component>
      <object_component id="oc-14b">
         <name>.debug_pubnames</name>
         <load_address>0x15a3</load_address>
         <run_address>0x15a3</run_address>
         <size>0x35</size>
         <input_file_ref idref="fl-d6"/>
      </object_component>
      <object_component id="oc-c7">
         <name>.debug_pubnames</name>
         <load_address>0x15d8</load_address>
         <run_address>0x15d8</run_address>
         <size>0x27</size>
         <input_file_ref idref="fl-d7"/>
      </object_component>
      <object_component id="oc-df">
         <name>.debug_pubtypes</name>
         <load_address>0x0</load_address>
         <run_address>0x0</run_address>
         <size>0xfe</size>
         <input_file_ref idref="fl-2"/>
      </object_component>
      <object_component id="oc-9f">
         <name>.debug_pubtypes</name>
         <load_address>0xfe</load_address>
         <run_address>0xfe</run_address>
         <size>0x25c</size>
         <input_file_ref idref="fl-2"/>
      </object_component>
      <object_component id="oc-a4">
         <name>.debug_pubtypes</name>
         <load_address>0x35a</load_address>
         <run_address>0x35a</run_address>
         <size>0x18e</size>
         <input_file_ref idref="fl-2"/>
      </object_component>
      <object_component id="oc-3f">
         <name>.debug_pubtypes</name>
         <load_address>0x4e8</load_address>
         <run_address>0x4e8</run_address>
         <size>0xed</size>
         <input_file_ref idref="fl-2"/>
      </object_component>
      <object_component id="oc-221">
         <name>.debug_pubtypes</name>
         <load_address>0x5d5</load_address>
         <run_address>0x5d5</run_address>
         <size>0x54</size>
         <input_file_ref idref="fl-2"/>
      </object_component>
      <object_component id="oc-89">
         <name>.debug_pubtypes</name>
         <load_address>0x629</load_address>
         <run_address>0x629</run_address>
         <size>0x25</size>
         <input_file_ref idref="fl-2"/>
      </object_component>
      <object_component id="oc-119">
         <name>.debug_pubtypes</name>
         <load_address>0x64e</load_address>
         <run_address>0x64e</run_address>
         <size>0x325</size>
         <input_file_ref idref="fl-2"/>
      </object_component>
      <object_component id="oc-95">
         <name>.debug_pubtypes</name>
         <load_address>0x973</load_address>
         <run_address>0x973</run_address>
         <size>0xaa</size>
         <input_file_ref idref="fl-2"/>
      </object_component>
      <object_component id="oc-9a">
         <name>.debug_pubtypes</name>
         <load_address>0xa1d</load_address>
         <run_address>0xa1d</run_address>
         <size>0x47</size>
         <input_file_ref idref="fl-2"/>
      </object_component>
      <object_component id="oc-8e">
         <name>.debug_pubtypes</name>
         <load_address>0xa64</load_address>
         <run_address>0xa64</run_address>
         <size>0x50</size>
         <input_file_ref idref="fl-2"/>
      </object_component>
      <object_component id="oc-112">
         <name>.debug_pubtypes</name>
         <load_address>0xab4</load_address>
         <run_address>0xab4</run_address>
         <size>0x6c</size>
         <input_file_ref idref="fl-2"/>
      </object_component>
      <object_component id="oc-181">
         <name>.debug_pubtypes</name>
         <load_address>0xb20</load_address>
         <run_address>0xb20</run_address>
         <size>0x70</size>
         <input_file_ref idref="fl-6"/>
      </object_component>
      <object_component id="oc-18b">
         <name>.debug_pubtypes</name>
         <load_address>0xb90</load_address>
         <run_address>0xb90</run_address>
         <size>0x18e</size>
         <input_file_ref idref="fl-6"/>
      </object_component>
      <object_component id="oc-27c">
         <name>.debug_pubtypes</name>
         <load_address>0xd1e</load_address>
         <run_address>0xd1e</run_address>
         <size>0x39</size>
         <input_file_ref idref="fl-6"/>
      </object_component>
      <object_component id="oc-17c">
         <name>.debug_pubtypes</name>
         <load_address>0xd57</load_address>
         <run_address>0xd57</run_address>
         <size>0x55</size>
         <input_file_ref idref="fl-6"/>
      </object_component>
      <object_component id="oc-281">
         <name>.debug_pubtypes</name>
         <load_address>0xdac</load_address>
         <run_address>0xdac</run_address>
         <size>0x3d</size>
         <input_file_ref idref="fl-6"/>
      </object_component>
      <object_component id="oc-288">
         <name>.debug_pubtypes</name>
         <load_address>0xde9</load_address>
         <run_address>0xde9</run_address>
         <size>0x84</size>
         <input_file_ref idref="fl-8"/>
      </object_component>
      <object_component id="oc-125">
         <name>.debug_pubtypes</name>
         <load_address>0xe6d</load_address>
         <run_address>0xe6d</run_address>
         <size>0x1d</size>
         <input_file_ref idref="fl-9"/>
      </object_component>
      <object_component id="oc-186">
         <name>.debug_pubtypes</name>
         <load_address>0xe8a</load_address>
         <run_address>0xe8a</run_address>
         <size>0x3f</size>
         <input_file_ref idref="fl-a"/>
      </object_component>
      <object_component id="oc-1b6">
         <name>.debug_pubtypes</name>
         <load_address>0xec9</load_address>
         <run_address>0xec9</run_address>
         <size>0xcd</size>
         <input_file_ref idref="fl-b"/>
      </object_component>
      <object_component id="oc-23b">
         <name>.debug_pubtypes</name>
         <load_address>0xf96</load_address>
         <run_address>0xf96</run_address>
         <size>0xff</size>
         <input_file_ref idref="fl-14"/>
      </object_component>
      <object_component id="oc-1d9">
         <name>.debug_pubtypes</name>
         <load_address>0x1095</load_address>
         <run_address>0x1095</run_address>
         <size>0x1c6</size>
         <input_file_ref idref="fl-14"/>
      </object_component>
      <object_component id="oc-242">
         <name>.debug_pubtypes</name>
         <load_address>0x125b</load_address>
         <run_address>0x125b</run_address>
         <size>0x28</size>
         <input_file_ref idref="fl-16"/>
      </object_component>
      <object_component id="oc-b8">
         <name>.debug_pubtypes</name>
         <load_address>0x1283</load_address>
         <run_address>0x1283</run_address>
         <size>0x48</size>
         <input_file_ref idref="fl-cf"/>
      </object_component>
      <object_component id="oc-4a">
         <name>.debug_pubtypes</name>
         <load_address>0x12cb</load_address>
         <run_address>0x12cb</run_address>
         <size>0x48</size>
         <input_file_ref idref="fl-d0"/>
      </object_component>
      <object_component id="oc-b0">
         <name>.debug_pubtypes</name>
         <load_address>0x1313</load_address>
         <run_address>0x1313</run_address>
         <size>0x1d</size>
         <input_file_ref idref="fl-d0"/>
      </object_component>
      <object_component id="oc-3a">
         <name>.debug_pubtypes</name>
         <load_address>0x1330</load_address>
         <run_address>0x1330</run_address>
         <size>0x5d</size>
         <input_file_ref idref="fl-d1"/>
      </object_component>
      <object_component id="oc-11e">
         <name>.debug_pubtypes</name>
         <load_address>0x138d</load_address>
         <run_address>0x138d</run_address>
         <size>0x48</size>
         <input_file_ref idref="fl-d1"/>
      </object_component>
      <object_component id="oc-a9">
         <name>.debug_pubtypes</name>
         <load_address>0x13d5</load_address>
         <run_address>0x13d5</run_address>
         <size>0x35</size>
         <input_file_ref idref="fl-d1"/>
      </object_component>
      <object_component id="oc-269">
         <name>.debug_pubtypes</name>
         <load_address>0x140a</load_address>
         <run_address>0x140a</run_address>
         <size>0x32</size>
         <input_file_ref idref="fl-d6"/>
      </object_component>
      <object_component id="oc-296">
         <name>.debug_pubtypes</name>
         <load_address>0x143c</load_address>
         <run_address>0x143c</run_address>
         <size>0x30</size>
         <input_file_ref idref="fl-d6"/>
      </object_component>
      <object_component id="oc-26e">
         <name>.debug_pubtypes</name>
         <load_address>0x146c</load_address>
         <run_address>0x146c</run_address>
         <size>0x2c</size>
         <input_file_ref idref="fl-d6"/>
      </object_component>
      <object_component id="oc-273">
         <name>.debug_pubtypes</name>
         <load_address>0x1498</load_address>
         <run_address>0x1498</run_address>
         <size>0x50</size>
         <input_file_ref idref="fl-d6"/>
      </object_component>
   </object_component_list>
   <logical_group_list>
      <logical_group id="lg-3" display="no" color="cyan">
         <name>.intvecs</name>
         <load_address>0x0</load_address>
         <run_address>0x0</run_address>
         <size>0x208</size>
         <contents>
            <object_component_ref idref="oc-f"/>
         </contents>
      </logical_group>
      <logical_group id="lg-4" display="no" color="cyan">
         <name>.text</name>
         <load_address>0x208</load_address>
         <run_address>0x208</run_address>
         <size>0x3642</size>
         <contents>
            <object_component_ref idref="oc-7c"/>
            <object_component_ref idref="oc-1a1"/>
            <object_component_ref idref="oc-fd"/>
            <object_component_ref idref="oc-12d"/>
            <object_component_ref idref="oc-2f"/>
            <object_component_ref idref="oc-247"/>
            <object_component_ref idref="oc-eb"/>
            <object_component_ref idref="oc-2a"/>
            <object_component_ref idref="oc-e5"/>
            <object_component_ref idref="oc-43"/>
            <object_component_ref idref="oc-bd"/>
            <object_component_ref idref="oc-134"/>
            <object_component_ref idref="oc-12"/>
            <object_component_ref idref="oc-c9"/>
            <object_component_ref idref="oc-1c8"/>
            <object_component_ref idref="oc-147"/>
            <object_component_ref idref="oc-61"/>
            <object_component_ref idref="oc-1de"/>
            <object_component_ref idref="oc-24d"/>
            <object_component_ref idref="oc-1c2"/>
            <object_component_ref idref="oc-1e4"/>
            <object_component_ref idref="oc-18"/>
            <object_component_ref idref="oc-55"/>
            <object_component_ref idref="oc-24"/>
            <object_component_ref idref="oc-1ea"/>
            <object_component_ref idref="oc-1f0"/>
            <object_component_ref idref="oc-c3"/>
            <object_component_ref idref="oc-13b"/>
         </contents>
      </logical_group>
      <logical_group id="lg-5" display="no" color="cyan">
         <name>.const</name>
         <load_address>0x384c</load_address>
         <run_address>0x384c</run_address>
         <size>0x258</size>
         <contents>
            <object_component_ref idref="oc-1d1"/>
            <object_component_ref idref="oc-1ce"/>
            <object_component_ref idref="oc-22f"/>
            <object_component_ref idref="oc-1d4"/>
            <object_component_ref idref="oc-79"/>
         </contents>
      </logical_group>
      <logical_group id="lg-6" display="no" color="cyan">
         <name>.cinit</name>
         <load_address>0x3aa8</load_address>
         <run_address>0x3aa8</run_address>
         <size>0x30</size>
         <contents>
            <object_component_ref idref="oc-2c8"/>
            <object_component_ref idref="oc-2ca"/>
            <object_component_ref idref="oc-2cb"/>
            <object_component_ref idref="oc-2c9"/>
         </contents>
      </logical_group>
      <logical_group id="lg-7" display="no" color="cyan">
         <name>.pinit</name>
         <run_address>0x0</run_address>
         <size>0x0</size>
         <contents>
         </contents>
      </logical_group>
      <logical_group id="lg-8" display="no" color="cyan">
         <name>.init_array</name>
         <run_address>0x0</run_address>
         <size>0x0</size>
         <contents>
         </contents>
      </logical_group>
      <logical_group id="lg-9" display="no" color="cyan">
         <name>.vtable</name>
         <run_address>0x0</run_address>
         <size>0x0</size>
         <contents>
         </contents>
      </logical_group>
      <logical_group id="lg-a" display="no" color="cyan">
         <name>.data</name>
         <run_address>0x2000c698</run_address>
         <size>0x4c</size>
         <contents>
            <object_component_ref idref="oc-76"/>
            <object_component_ref idref="oc-1a7"/>
            <object_component_ref idref="oc-83"/>
            <object_component_ref idref="oc-18f"/>
         </contents>
      </logical_group>
      <logical_group id="lg-b" display="no" color="cyan">
         <name>.bss</name>
         <run_address>0x20000000</run_address>
         <size>0xc494</size>
         <contents>
            <object_component_ref idref="oc-f1"/>
            <object_component_ref idref="oc-106"/>
            <object_component_ref idref="oc-109"/>
            <object_component_ref idref="oc-f7"/>
            <object_component_ref idref="oc-103"/>
            <object_component_ref idref="oc-f4"/>
            <object_component_ref idref="oc-fa"/>
            <object_component_ref idref="oc-1ad"/>
            <object_component_ref idref="oc-1b0"/>
            <object_component_ref idref="oc-1aa"/>
            <object_component_ref idref="oc-192"/>
            <object_component_ref idref="oc-133"/>
            <object_component_ref idref="oc-21c"/>
         </contents>
      </logical_group>
      <logical_group id="lg-c" display="no" color="cyan">
         <name>.sysmem</name>
         <run_address>0x0</run_address>
         <size>0x0</size>
         <contents>
         </contents>
      </logical_group>
      <logical_group id="lg-d" display="no" color="cyan">
         <name>.stack</name>
         <run_address>0x2000c498</run_address>
         <size>0x200</size>
         <contents>
            <object_component_ref idref="oc-21"/>
            <object_component_ref idref="oc-2cc"/>
         </contents>
      </logical_group>
      <logical_group id="lg-2a1" display="no" color="cyan">
         <name>.TI.noinit</name>
         <run_address>0x0</run_address>
         <size>0x0</size>
         <contents>
         </contents>
      </logical_group>
      <logical_group id="lg-2a2" display="no" color="cyan">
         <name>.TI.persistent</name>
         <run_address>0x0</run_address>
         <size>0x0</size>
         <contents>
         </contents>
      </logical_group>
      <logical_group id="lg-2b0" display="never" color="cyan">
         <name>.debug_info</name>
         <load_address>0x0</load_address>
         <run_address>0x0</run_address>
         <size>0x15c49</size>
         <contents>
            <object_component_ref idref="oc-116"/>
            <object_component_ref idref="oc-ca"/>
            <object_component_ref idref="oc-de"/>
            <object_component_ref idref="oc-9e"/>
            <object_component_ref idref="oc-a3"/>
            <object_component_ref idref="oc-3e"/>
            <object_component_ref idref="oc-220"/>
            <object_component_ref idref="oc-88"/>
            <object_component_ref idref="oc-118"/>
            <object_component_ref idref="oc-94"/>
            <object_component_ref idref="oc-99"/>
            <object_component_ref idref="oc-8d"/>
            <object_component_ref idref="oc-111"/>
            <object_component_ref idref="oc-37"/>
            <object_component_ref idref="oc-10"/>
            <object_component_ref idref="oc-25"/>
            <object_component_ref idref="oc-1f2"/>
            <object_component_ref idref="oc-137"/>
            <object_component_ref idref="oc-213"/>
            <object_component_ref idref="oc-180"/>
            <object_component_ref idref="oc-18a"/>
            <object_component_ref idref="oc-27b"/>
            <object_component_ref idref="oc-17b"/>
            <object_component_ref idref="oc-280"/>
            <object_component_ref idref="oc-198"/>
            <object_component_ref idref="oc-ed"/>
            <object_component_ref idref="oc-21d"/>
            <object_component_ref idref="oc-1a3"/>
            <object_component_ref idref="oc-287"/>
            <object_component_ref idref="oc-124"/>
            <object_component_ref idref="oc-dd"/>
            <object_component_ref idref="oc-77"/>
            <object_component_ref idref="oc-f2"/>
            <object_component_ref idref="oc-107"/>
            <object_component_ref idref="oc-10a"/>
            <object_component_ref idref="oc-f8"/>
            <object_component_ref idref="oc-104"/>
            <object_component_ref idref="oc-f5"/>
            <object_component_ref idref="oc-fb"/>
            <object_component_ref idref="oc-7d"/>
            <object_component_ref idref="oc-185"/>
            <object_component_ref idref="oc-1b4"/>
            <object_component_ref idref="oc-1ae"/>
            <object_component_ref idref="oc-1b1"/>
            <object_component_ref idref="oc-1ab"/>
            <object_component_ref idref="oc-1a8"/>
            <object_component_ref idref="oc-100"/>
            <object_component_ref idref="oc-1b5"/>
            <object_component_ref idref="oc-87"/>
            <object_component_ref idref="oc-7a"/>
            <object_component_ref idref="oc-84"/>
            <object_component_ref idref="oc-31"/>
            <object_component_ref idref="oc-2c"/>
            <object_component_ref idref="oc-196"/>
            <object_component_ref idref="oc-193"/>
            <object_component_ref idref="oc-190"/>
            <object_component_ref idref="oc-e6"/>
            <object_component_ref idref="oc-254"/>
            <object_component_ref idref="oc-1eb"/>
            <object_component_ref idref="oc-24e"/>
            <object_component_ref idref="oc-248"/>
            <object_component_ref idref="oc-1e5"/>
            <object_component_ref idref="oc-23a"/>
            <object_component_ref idref="oc-1d8"/>
            <object_component_ref idref="oc-1dd"/>
            <object_component_ref idref="oc-1cf"/>
            <object_component_ref idref="oc-1d2"/>
            <object_component_ref idref="oc-230"/>
            <object_component_ref idref="oc-1d5"/>
            <object_component_ref idref="oc-1e2"/>
            <object_component_ref idref="oc-1c6"/>
            <object_component_ref idref="oc-1cc"/>
            <object_component_ref idref="oc-131"/>
            <object_component_ref idref="oc-241"/>
            <object_component_ref idref="oc-45"/>
            <object_component_ref idref="oc-be"/>
            <object_component_ref idref="oc-bc"/>
            <object_component_ref idref="oc-57"/>
            <object_component_ref idref="oc-b7"/>
            <object_component_ref idref="oc-4e"/>
            <object_component_ref idref="oc-19"/>
            <object_component_ref idref="oc-49"/>
            <object_component_ref idref="oc-af"/>
            <object_component_ref idref="oc-ad"/>
            <object_component_ref idref="oc-16"/>
            <object_component_ref idref="oc-39"/>
            <object_component_ref idref="oc-11d"/>
            <object_component_ref idref="oc-a8"/>
            <object_component_ref idref="oc-22"/>
            <object_component_ref idref="oc-62"/>
            <object_component_ref idref="oc-13c"/>
            <object_component_ref idref="oc-1fe"/>
            <object_component_ref idref="oc-149"/>
            <object_component_ref idref="oc-268"/>
            <object_component_ref idref="oc-295"/>
            <object_component_ref idref="oc-26d"/>
            <object_component_ref idref="oc-272"/>
            <object_component_ref idref="oc-c6"/>
            <object_component_ref idref="oc-2cd"/>
         </contents>
      </logical_group>
      <logical_group id="lg-2b2" display="never" color="cyan">
         <name>.debug_line</name>
         <load_address>0x0</load_address>
         <run_address>0x0</run_address>
         <size>0x49bd</size>
         <contents>
            <object_component_ref idref="oc-1c1"/>
            <object_component_ref idref="oc-cd"/>
            <object_component_ref idref="oc-e1"/>
            <object_component_ref idref="oc-a1"/>
            <object_component_ref idref="oc-a6"/>
            <object_component_ref idref="oc-41"/>
            <object_component_ref idref="oc-223"/>
            <object_component_ref idref="oc-8b"/>
            <object_component_ref idref="oc-11b"/>
            <object_component_ref idref="oc-97"/>
            <object_component_ref idref="oc-9c"/>
            <object_component_ref idref="oc-90"/>
            <object_component_ref idref="oc-114"/>
            <object_component_ref idref="oc-93"/>
            <object_component_ref idref="oc-36"/>
            <object_component_ref idref="oc-29"/>
            <object_component_ref idref="oc-257"/>
            <object_component_ref idref="oc-135"/>
            <object_component_ref idref="oc-27a"/>
            <object_component_ref idref="oc-183"/>
            <object_component_ref idref="oc-18d"/>
            <object_component_ref idref="oc-27e"/>
            <object_component_ref idref="oc-17e"/>
            <object_component_ref idref="oc-283"/>
            <object_component_ref idref="oc-21b"/>
            <object_component_ref idref="oc-ec"/>
            <object_component_ref idref="oc-286"/>
            <object_component_ref idref="oc-1a5"/>
            <object_component_ref idref="oc-28a"/>
            <object_component_ref idref="oc-127"/>
            <object_component_ref idref="oc-17a"/>
            <object_component_ref idref="oc-dc"/>
            <object_component_ref idref="oc-19a"/>
            <object_component_ref idref="oc-1bd"/>
            <object_component_ref idref="oc-1bf"/>
            <object_component_ref idref="oc-19e"/>
            <object_component_ref idref="oc-1bb"/>
            <object_component_ref idref="oc-19c"/>
            <object_component_ref idref="oc-1a0"/>
            <object_component_ref idref="oc-80"/>
            <object_component_ref idref="oc-188"/>
            <object_component_ref idref="oc-22e"/>
            <object_component_ref idref="oc-22a"/>
            <object_component_ref idref="oc-22c"/>
            <object_component_ref idref="oc-228"/>
            <object_component_ref idref="oc-226"/>
            <object_component_ref idref="oc-ff"/>
            <object_component_ref idref="oc-1b8"/>
            <object_component_ref idref="oc-110"/>
            <object_component_ref idref="oc-e4"/>
            <object_component_ref idref="oc-10e"/>
            <object_component_ref idref="oc-30"/>
            <object_component_ref idref="oc-2b"/>
            <object_component_ref idref="oc-219"/>
            <object_component_ref idref="oc-217"/>
            <object_component_ref idref="oc-215"/>
            <object_component_ref idref="oc-ea"/>
            <object_component_ref idref="oc-291"/>
            <object_component_ref idref="oc-1ee"/>
            <object_component_ref idref="oc-251"/>
            <object_component_ref idref="oc-24b"/>
            <object_component_ref idref="oc-1e8"/>
            <object_component_ref idref="oc-23d"/>
            <object_component_ref idref="oc-1db"/>
            <object_component_ref idref="oc-240"/>
            <object_component_ref idref="oc-235"/>
            <object_component_ref idref="oc-237"/>
            <object_component_ref idref="oc-28d"/>
            <object_component_ref idref="oc-239"/>
            <object_component_ref idref="oc-1e1"/>
            <object_component_ref idref="oc-1c5"/>
            <object_component_ref idref="oc-1cb"/>
            <object_component_ref idref="oc-130"/>
            <object_component_ref idref="oc-244"/>
            <object_component_ref idref="oc-44"/>
            <object_component_ref idref="oc-c1"/>
            <object_component_ref idref="oc-12a"/>
            <object_component_ref idref="oc-56"/>
            <object_component_ref idref="oc-ba"/>
            <object_component_ref idref="oc-b5"/>
            <object_component_ref idref="oc-1c"/>
            <object_component_ref idref="oc-4c"/>
            <object_component_ref idref="oc-b2"/>
            <object_component_ref idref="oc-123"/>
            <object_component_ref idref="oc-15"/>
            <object_component_ref idref="oc-3c"/>
            <object_component_ref idref="oc-120"/>
            <object_component_ref idref="oc-ab"/>
            <object_component_ref idref="oc-74"/>
            <object_component_ref idref="oc-65"/>
            <object_component_ref idref="oc-13f"/>
            <object_component_ref idref="oc-267"/>
            <object_component_ref idref="oc-148"/>
            <object_component_ref idref="oc-26b"/>
            <object_component_ref idref="oc-298"/>
            <object_component_ref idref="oc-270"/>
            <object_component_ref idref="oc-275"/>
            <object_component_ref idref="oc-c8"/>
         </contents>
      </logical_group>
      <logical_group id="lg-2b4" display="never" color="cyan">
         <name>.debug_frame</name>
         <load_address>0x0</load_address>
         <run_address>0x0</run_address>
         <size>0x176b</size>
         <contents>
            <object_component_ref idref="oc-ce"/>
            <object_component_ref idref="oc-28"/>
            <object_component_ref idref="oc-136"/>
            <object_component_ref idref="oc-f0"/>
            <object_component_ref idref="oc-1a6"/>
            <object_component_ref idref="oc-81"/>
            <object_component_ref idref="oc-102"/>
            <object_component_ref idref="oc-34"/>
            <object_component_ref idref="oc-e9"/>
            <object_component_ref idref="oc-1ef"/>
            <object_component_ref idref="oc-252"/>
            <object_component_ref idref="oc-24c"/>
            <object_component_ref idref="oc-1e9"/>
            <object_component_ref idref="oc-1df"/>
            <object_component_ref idref="oc-1c4"/>
            <object_component_ref idref="oc-1ca"/>
            <object_component_ref idref="oc-12f"/>
            <object_component_ref idref="oc-5a"/>
            <object_component_ref idref="oc-1d"/>
            <object_component_ref idref="oc-13"/>
            <object_component_ref idref="oc-66"/>
            <object_component_ref idref="oc-140"/>
            <object_component_ref idref="oc-14c"/>
            <object_component_ref idref="oc-c4"/>
         </contents>
      </logical_group>
      <logical_group id="lg-2b6" display="never" color="cyan">
         <name>.debug_abbrev</name>
         <load_address>0x0</load_address>
         <run_address>0x0</run_address>
         <size>0x264c</size>
         <contents>
            <object_component_ref idref="oc-1c0"/>
            <object_component_ref idref="oc-13a"/>
            <object_component_ref idref="oc-e0"/>
            <object_component_ref idref="oc-a0"/>
            <object_component_ref idref="oc-a5"/>
            <object_component_ref idref="oc-40"/>
            <object_component_ref idref="oc-222"/>
            <object_component_ref idref="oc-8a"/>
            <object_component_ref idref="oc-11a"/>
            <object_component_ref idref="oc-96"/>
            <object_component_ref idref="oc-9b"/>
            <object_component_ref idref="oc-8f"/>
            <object_component_ref idref="oc-113"/>
            <object_component_ref idref="oc-92"/>
            <object_component_ref idref="oc-35"/>
            <object_component_ref idref="oc-75"/>
            <object_component_ref idref="oc-256"/>
            <object_component_ref idref="oc-1f1"/>
            <object_component_ref idref="oc-279"/>
            <object_component_ref idref="oc-182"/>
            <object_component_ref idref="oc-18c"/>
            <object_component_ref idref="oc-27d"/>
            <object_component_ref idref="oc-17d"/>
            <object_component_ref idref="oc-282"/>
            <object_component_ref idref="oc-21a"/>
            <object_component_ref idref="oc-197"/>
            <object_component_ref idref="oc-285"/>
            <object_component_ref idref="oc-21f"/>
            <object_component_ref idref="oc-289"/>
            <object_component_ref idref="oc-126"/>
            <object_component_ref idref="oc-179"/>
            <object_component_ref idref="oc-db"/>
            <object_component_ref idref="oc-199"/>
            <object_component_ref idref="oc-1bc"/>
            <object_component_ref idref="oc-1be"/>
            <object_component_ref idref="oc-19d"/>
            <object_component_ref idref="oc-1ba"/>
            <object_component_ref idref="oc-19b"/>
            <object_component_ref idref="oc-19f"/>
            <object_component_ref idref="oc-10c"/>
            <object_component_ref idref="oc-187"/>
            <object_component_ref idref="oc-22d"/>
            <object_component_ref idref="oc-229"/>
            <object_component_ref idref="oc-22b"/>
            <object_component_ref idref="oc-227"/>
            <object_component_ref idref="oc-225"/>
            <object_component_ref idref="oc-1b3"/>
            <object_component_ref idref="oc-1b7"/>
            <object_component_ref idref="oc-10f"/>
            <object_component_ref idref="oc-e3"/>
            <object_component_ref idref="oc-10d"/>
            <object_component_ref idref="oc-86"/>
            <object_component_ref idref="oc-82"/>
            <object_component_ref idref="oc-218"/>
            <object_component_ref idref="oc-216"/>
            <object_component_ref idref="oc-214"/>
            <object_component_ref idref="oc-195"/>
            <object_component_ref idref="oc-290"/>
            <object_component_ref idref="oc-255"/>
            <object_component_ref idref="oc-28f"/>
            <object_component_ref idref="oc-28e"/>
            <object_component_ref idref="oc-253"/>
            <object_component_ref idref="oc-23c"/>
            <object_component_ref idref="oc-1da"/>
            <object_component_ref idref="oc-23f"/>
            <object_component_ref idref="oc-234"/>
            <object_component_ref idref="oc-236"/>
            <object_component_ref idref="oc-28c"/>
            <object_component_ref idref="oc-238"/>
            <object_component_ref idref="oc-246"/>
            <object_component_ref idref="oc-232"/>
            <object_component_ref idref="oc-233"/>
            <object_component_ref idref="oc-1d7"/>
            <object_component_ref idref="oc-243"/>
            <object_component_ref idref="oc-ae"/>
            <object_component_ref idref="oc-12b"/>
            <object_component_ref idref="oc-129"/>
            <object_component_ref idref="oc-c2"/>
            <object_component_ref idref="oc-b9"/>
            <object_component_ref idref="oc-b4"/>
            <object_component_ref idref="oc-48"/>
            <object_component_ref idref="oc-4b"/>
            <object_component_ref idref="oc-b1"/>
            <object_component_ref idref="oc-122"/>
            <object_component_ref idref="oc-38"/>
            <object_component_ref idref="oc-3b"/>
            <object_component_ref idref="oc-11f"/>
            <object_component_ref idref="oc-aa"/>
            <object_component_ref idref="oc-73"/>
            <object_component_ref idref="oc-d2"/>
            <object_component_ref idref="oc-1f3"/>
            <object_component_ref idref="oc-266"/>
            <object_component_ref idref="oc-1fd"/>
            <object_component_ref idref="oc-26a"/>
            <object_component_ref idref="oc-297"/>
            <object_component_ref idref="oc-26f"/>
            <object_component_ref idref="oc-274"/>
            <object_component_ref idref="oc-12c"/>
            <object_component_ref idref="oc-2ce"/>
         </contents>
      </logical_group>
      <logical_group id="lg-2b8" display="never" color="cyan">
         <name>.debug_str</name>
         <load_address>0x0</load_address>
         <run_address>0x0</run_address>
         <size>0x32b2</size>
         <contents>
            <object_component_ref idref="oc-e2"/>
            <object_component_ref idref="oc-a2"/>
            <object_component_ref idref="oc-a7"/>
            <object_component_ref idref="oc-42"/>
            <object_component_ref idref="oc-224"/>
            <object_component_ref idref="oc-8c"/>
            <object_component_ref idref="oc-11c"/>
            <object_component_ref idref="oc-98"/>
            <object_component_ref idref="oc-9d"/>
            <object_component_ref idref="oc-91"/>
            <object_component_ref idref="oc-115"/>
            <object_component_ref idref="oc-184"/>
            <object_component_ref idref="oc-18e"/>
            <object_component_ref idref="oc-27f"/>
            <object_component_ref idref="oc-17f"/>
            <object_component_ref idref="oc-284"/>
            <object_component_ref idref="oc-28b"/>
            <object_component_ref idref="oc-128"/>
            <object_component_ref idref="oc-189"/>
            <object_component_ref idref="oc-1b9"/>
            <object_component_ref idref="oc-23e"/>
            <object_component_ref idref="oc-1dc"/>
            <object_component_ref idref="oc-245"/>
            <object_component_ref idref="oc-bb"/>
            <object_component_ref idref="oc-4d"/>
            <object_component_ref idref="oc-b3"/>
            <object_component_ref idref="oc-3d"/>
            <object_component_ref idref="oc-121"/>
            <object_component_ref idref="oc-ac"/>
            <object_component_ref idref="oc-26c"/>
            <object_component_ref idref="oc-299"/>
            <object_component_ref idref="oc-271"/>
            <object_component_ref idref="oc-276"/>
         </contents>
      </logical_group>
      <logical_group id="lg-2ba" display="never" color="cyan">
         <name>.debug_aranges</name>
         <load_address>0x0</load_address>
         <run_address>0x0</run_address>
         <size>0x7a0</size>
         <contents>
            <object_component_ref idref="oc-cc"/>
            <object_component_ref idref="oc-27"/>
            <object_component_ref idref="oc-138"/>
            <object_component_ref idref="oc-ef"/>
            <object_component_ref idref="oc-1a2"/>
            <object_component_ref idref="oc-7e"/>
            <object_component_ref idref="oc-fe"/>
            <object_component_ref idref="oc-32"/>
            <object_component_ref idref="oc-2d"/>
            <object_component_ref idref="oc-e8"/>
            <object_component_ref idref="oc-1ec"/>
            <object_component_ref idref="oc-24f"/>
            <object_component_ref idref="oc-249"/>
            <object_component_ref idref="oc-1e7"/>
            <object_component_ref idref="oc-1e0"/>
            <object_component_ref idref="oc-1c3"/>
            <object_component_ref idref="oc-1c9"/>
            <object_component_ref idref="oc-12e"/>
            <object_component_ref idref="oc-46"/>
            <object_component_ref idref="oc-bf"/>
            <object_component_ref idref="oc-59"/>
            <object_component_ref idref="oc-1a"/>
            <object_component_ref idref="oc-14"/>
            <object_component_ref idref="oc-63"/>
            <object_component_ref idref="oc-13e"/>
            <object_component_ref idref="oc-14a"/>
            <object_component_ref idref="oc-c5"/>
         </contents>
      </logical_group>
      <logical_group id="lg-2bc" display="never" color="cyan">
         <name>.debug_pubnames</name>
         <load_address>0x0</load_address>
         <run_address>0x0</run_address>
         <size>0x15ff</size>
         <contents>
            <object_component_ref idref="oc-117"/>
            <object_component_ref idref="oc-cb"/>
            <object_component_ref idref="oc-11"/>
            <object_component_ref idref="oc-26"/>
            <object_component_ref idref="oc-139"/>
            <object_component_ref idref="oc-ee"/>
            <object_component_ref idref="oc-21e"/>
            <object_component_ref idref="oc-1a4"/>
            <object_component_ref idref="oc-78"/>
            <object_component_ref idref="oc-f3"/>
            <object_component_ref idref="oc-108"/>
            <object_component_ref idref="oc-10b"/>
            <object_component_ref idref="oc-f9"/>
            <object_component_ref idref="oc-105"/>
            <object_component_ref idref="oc-f6"/>
            <object_component_ref idref="oc-fc"/>
            <object_component_ref idref="oc-7f"/>
            <object_component_ref idref="oc-1af"/>
            <object_component_ref idref="oc-1b2"/>
            <object_component_ref idref="oc-1ac"/>
            <object_component_ref idref="oc-1a9"/>
            <object_component_ref idref="oc-101"/>
            <object_component_ref idref="oc-7b"/>
            <object_component_ref idref="oc-85"/>
            <object_component_ref idref="oc-33"/>
            <object_component_ref idref="oc-2e"/>
            <object_component_ref idref="oc-194"/>
            <object_component_ref idref="oc-191"/>
            <object_component_ref idref="oc-e7"/>
            <object_component_ref idref="oc-1ed"/>
            <object_component_ref idref="oc-250"/>
            <object_component_ref idref="oc-24a"/>
            <object_component_ref idref="oc-1e6"/>
            <object_component_ref idref="oc-1d0"/>
            <object_component_ref idref="oc-1d3"/>
            <object_component_ref idref="oc-231"/>
            <object_component_ref idref="oc-1d6"/>
            <object_component_ref idref="oc-1e3"/>
            <object_component_ref idref="oc-1c7"/>
            <object_component_ref idref="oc-1cd"/>
            <object_component_ref idref="oc-132"/>
            <object_component_ref idref="oc-47"/>
            <object_component_ref idref="oc-c0"/>
            <object_component_ref idref="oc-58"/>
            <object_component_ref idref="oc-1b"/>
            <object_component_ref idref="oc-17"/>
            <object_component_ref idref="oc-23"/>
            <object_component_ref idref="oc-64"/>
            <object_component_ref idref="oc-13d"/>
            <object_component_ref idref="oc-14b"/>
            <object_component_ref idref="oc-c7"/>
         </contents>
      </logical_group>
      <logical_group id="lg-2be" display="never" color="cyan">
         <name>.debug_pubtypes</name>
         <load_address>0x0</load_address>
         <run_address>0x0</run_address>
         <size>0x14e8</size>
         <contents>
            <object_component_ref idref="oc-df"/>
            <object_component_ref idref="oc-9f"/>
            <object_component_ref idref="oc-a4"/>
            <object_component_ref idref="oc-3f"/>
            <object_component_ref idref="oc-221"/>
            <object_component_ref idref="oc-89"/>
            <object_component_ref idref="oc-119"/>
            <object_component_ref idref="oc-95"/>
            <object_component_ref idref="oc-9a"/>
            <object_component_ref idref="oc-8e"/>
            <object_component_ref idref="oc-112"/>
            <object_component_ref idref="oc-181"/>
            <object_component_ref idref="oc-18b"/>
            <object_component_ref idref="oc-27c"/>
            <object_component_ref idref="oc-17c"/>
            <object_component_ref idref="oc-281"/>
            <object_component_ref idref="oc-288"/>
            <object_component_ref idref="oc-125"/>
            <object_component_ref idref="oc-186"/>
            <object_component_ref idref="oc-1b6"/>
            <object_component_ref idref="oc-23b"/>
            <object_component_ref idref="oc-1d9"/>
            <object_component_ref idref="oc-242"/>
            <object_component_ref idref="oc-b8"/>
            <object_component_ref idref="oc-4a"/>
            <object_component_ref idref="oc-b0"/>
            <object_component_ref idref="oc-3a"/>
            <object_component_ref idref="oc-11e"/>
            <object_component_ref idref="oc-a9"/>
            <object_component_ref idref="oc-269"/>
            <object_component_ref idref="oc-296"/>
            <object_component_ref idref="oc-26e"/>
            <object_component_ref idref="oc-273"/>
         </contents>
      </logical_group>
      <load_segment id="lg-2d3" display="no" color="cyan">
         <name>SEGMENT_0</name>
         <load_address>0x0</load_address>
         <run_address>0x0</run_address>
         <size>0x3ad8</size>
         <flags>0x5</flags>
         <contents>
            <logical_group_ref idref="lg-3"/>
            <logical_group_ref idref="lg-4"/>
            <logical_group_ref idref="lg-5"/>
            <logical_group_ref idref="lg-6"/>
         </contents>
      </load_segment>
      <load_segment id="lg-2d4" display="no" color="cyan">
         <name>SEGMENT_1</name>
         <run_address>0x20000000</run_address>
         <size>0xc6e4</size>
         <flags>0x6</flags>
         <contents>
            <logical_group_ref idref="lg-b"/>
            <logical_group_ref idref="lg-d"/>
            <logical_group_ref idref="lg-a"/>
         </contents>
      </load_segment>
   </logical_group_list>
   <placement_map>
      <memory_area display="yes" color="green">
         <name>FLASH</name>
         <page_id>0x0</page_id>
         <origin>0x0</origin>
         <length>0x100000</length>
         <used_space>0x3ad2</used_space>
         <unused_space>0xfc52e</unused_space>
         <attributes>RX</attributes>
         <usage_details>
            <allocated_space>
               <start_address>0x0</start_address>
               <size>0x208</size>
               <logical_group_ref idref="lg-3"/>
            </allocated_space>
            <allocated_space>
               <start_address>0x208</start_address>
               <size>0x3642</size>
               <logical_group_ref idref="lg-4"/>
            </allocated_space>
            <available_space>
               <start_address>0x384a</start_address>
               <size>0x2</size>
            </available_space>
            <allocated_space>
               <start_address>0x384c</start_address>
               <size>0x258</size>
               <logical_group_ref idref="lg-5"/>
            </allocated_space>
            <available_space>
               <start_address>0x3aa4</start_address>
               <size>0x4</size>
            </available_space>
            <allocated_space>
               <start_address>0x3aa8</start_address>
               <size>0x30</size>
               <logical_group_ref idref="lg-6"/>
            </allocated_space>
            <available_space>
               <start_address>0x3ad8</start_address>
               <size>0xfc528</size>
            </available_space>
         </usage_details>
      </memory_area>
      <memory_area display="yes" color="green">
         <name>SRAM</name>
         <page_id>0x0</page_id>
         <origin>0x20000000</origin>
         <length>0x40000</length>
         <used_space>0xc6e0</used_space>
         <unused_space>0x33920</unused_space>
         <attributes>RWX</attributes>
         <usage_details>
            <allocated_space>
               <start_address>0x20000000</start_address>
               <size>0xc494</size>
               <logical_group_ref idref="lg-b"/>
            </allocated_space>
            <available_space>
               <start_address>0x2000c494</start_address>
               <size>0x4</size>
            </available_space>
            <allocated_space>
               <start_address>0x2000c498</start_address>
               <size>0x200</size>
               <logical_group_ref idref="lg-d"/>
            </allocated_space>
            <allocated_space>
               <start_address>0x2000c698</start_address>
               <size>0x4c</size>
               <logical_group_ref idref="lg-a"/>
            </allocated_space>
            <available_space>
               <start_address>0x2000c6e4</start_address>
               <size>0x3391c</size>
            </available_space>
         </usage_details>
      </memory_area>
   </placement_map>
   <cptbl_list>
      <cptbl>
         <name>__TI_cinit_table</name>
         <cprec>
            <name>.data</name>
            <load_address>0x3ab4</load_address>
            <load_size>0xb</load_size>
            <run_address>0x2000c698</run_address>
            <run_size>0x4c</run_size>
            <compression>lzss</compression>
         </cprec>
         <cprec>
            <name>.bss</name>
            <load_address>0x3ac0</load_address>
            <load_size>0x8</load_size>
            <run_address>0x20000000</run_address>
            <run_size>0xc494</run_size>
            <compression>zero_init</compression>
         </cprec>
      </cptbl>
   </cptbl_list>
   <handler_table>
      <handler_table_name>__TI_handler_table</handler_table_name>
      <handler>
         <index>0x0</index>
         <name>__TI_decompress_lzss</name>
      </handler>
      <handler>
         <index>0x1</index>
         <name>__TI_decompress_none</name>
      </handler>
      <handler>
         <index>0x2</index>
         <name>__TI_zero_init</name>
      </handler>
   </handler_table>
   <symbol_table>
      <symbol id="sm-1">
         <name>__STACK_TOP</name>
         <value>0x2000c698</value>
      </symbol>
      <symbol id="sm-2">
         <name>__TI_CINIT_Base</name>
         <value>0x3ac8</value>
      </symbol>
      <symbol id="sm-3">
         <name>__TI_CINIT_Limit</name>
         <value>0x3ad8</value>
      </symbol>
      <symbol id="sm-4">
         <name>__TI_Handler_Table_Base</name>
         <value>0x3aa8</value>
      </symbol>
      <symbol id="sm-5">
         <name>__TI_Handler_Table_Limit</name>
         <value>0x3ab4</value>
      </symbol>
      <symbol id="sm-6">
         <name>binit</name>
         <value>0xffffffff</value>
      </symbol>
      <symbol id="sm-7">
         <name>__binit__</name>
         <value>0xffffffff</value>
      </symbol>
      <symbol id="sm-8">
         <name>__STACK_SIZE</name>
         <value>0x200</value>
      </symbol>
      <symbol id="sm-9">
         <name>__STACK_END</name>
         <value>0x2000c698</value>
      </symbol>
      <symbol id="sm-a">
         <name>__c_args__</name>
         <value>0xffffffff</value>
      </symbol>
      <symbol id="sm-b">
         <name>__TI_pprof_out_hndl</name>
         <value>0xffffffff</value>
      </symbol>
      <symbol id="sm-c">
         <name>__TI_prof_data_start</name>
         <value>0xffffffff</value>
      </symbol>
      <symbol id="sm-d">
         <name>__TI_prof_data_size</name>
         <value>0xffffffff</value>
      </symbol>
      <symbol id="sm-70">
         <name>g_ui32SysClock</name>
         <value>0x2000c490</value>
      </symbol>
      <symbol id="sm-71">
         <name>main</name>
         <value>0x3669</value>
         <object_component_ref idref="oc-c9"/>
      </symbol>
      <symbol id="sm-72">
         <name>__error__</name>
         <value>0x3695</value>
         <object_component_ref idref="oc-c9"/>
      </symbol>
      <symbol id="sm-8e">
         <name>ResetISR</name>
         <value>0x382b</value>
         <object_component_ref idref="oc-24"/>
      </symbol>
      <symbol id="sm-8f">
         <name>g_pfnVectors</name>
         <value>0x0</value>
         <object_component_ref idref="oc-f"/>
      </symbol>
      <symbol id="sm-a3">
         <name>vLEDFlashTask</name>
         <value>0x3589</value>
         <object_component_ref idref="oc-134"/>
      </symbol>
      <symbol id="sm-d7">
         <name>uxListRemove</name>
         <value>0x32b1</value>
         <object_component_ref idref="oc-eb"/>
      </symbol>
      <symbol id="sm-d8">
         <name>vListInsert</name>
         <value>0x324b</value>
         <object_component_ref idref="oc-eb"/>
      </symbol>
      <symbol id="sm-d9">
         <name>vListInitialiseItem</name>
         <value>0x31ff</value>
         <object_component_ref idref="oc-eb"/>
      </symbol>
      <symbol id="sm-da">
         <name>vListInsertEnd</name>
         <value>0x320f</value>
         <object_component_ref idref="oc-eb"/>
      </symbol>
      <symbol id="sm-db">
         <name>vListInitialise</name>
         <value>0x31cf</value>
         <object_component_ref idref="oc-eb"/>
      </symbol>
      <symbol id="sm-199">
         <name>xQueueRegistry</name>
         <value>0x2000c3b4</value>
      </symbol>
      <symbol id="sm-19a">
         <name>xQueuePeekFromISR</name>
         <value>0x2375</value>
         <object_component_ref idref="oc-1a1"/>
      </symbol>
      <symbol id="sm-19b">
         <name>xQueueIsQueueEmptyFromISR</name>
         <value>0x263d</value>
         <object_component_ref idref="oc-1a1"/>
      </symbol>
      <symbol id="sm-19c">
         <name>xQueueGenericSendFromISR</name>
         <value>0x1e19</value>
         <object_component_ref idref="oc-1a1"/>
      </symbol>
      <symbol id="sm-19d">
         <name>uxQueueMessagesWaiting</name>
         <value>0x23c7</value>
         <object_component_ref idref="oc-1a1"/>
      </symbol>
      <symbol id="sm-19e">
         <name>vQueueAddToRegistry</name>
         <value>0x26a1</value>
         <object_component_ref idref="oc-1a1"/>
      </symbol>
      <symbol id="sm-19f">
         <name>xQueueIsQueueFullFromISR</name>
         <value>0x267f</value>
         <object_component_ref idref="oc-1a1"/>
      </symbol>
      <symbol id="sm-1a0">
         <name>xQueueGenericCreate</name>
         <value>0x1b67</value>
         <object_component_ref idref="oc-1a1"/>
      </symbol>
      <symbol id="sm-1a1">
         <name>xQueueCreateMutex</name>
         <value>0x1c21</value>
         <object_component_ref idref="oc-1a1"/>
      </symbol>
      <symbol id="sm-1a2">
         <name>vQueueSetQueueNumber</name>
         <value>0x2433</value>
         <object_component_ref idref="oc-1a1"/>
      </symbol>
      <symbol id="sm-1a3">
         <name>xQueueGenericSend</name>
         <value>0x1ced</value>
         <object_component_ref idref="oc-1a1"/>
      </symbol>
      <symbol id="sm-1a4">
         <name>xQueueGenericReset</name>
         <value>0x1ac9</value>
         <object_component_ref idref="oc-1a1"/>
      </symbol>
      <symbol id="sm-1a5">
         <name>xQueueReceiveFromISR</name>
         <value>0x22dd</value>
         <object_component_ref idref="oc-1a1"/>
      </symbol>
      <symbol id="sm-1a6">
         <name>uxQueueSpacesAvailable</name>
         <value>0x23dd</value>
         <object_component_ref idref="oc-1a1"/>
      </symbol>
      <symbol id="sm-1a7">
         <name>xQueueGiveMutexRecursive</name>
         <value>0x1c4d</value>
         <object_component_ref idref="oc-1a1"/>
      </symbol>
      <symbol id="sm-1a8">
         <name>xQueueSemaphoreTake</name>
         <value>0x2061</value>
         <object_component_ref idref="oc-1a1"/>
      </symbol>
      <symbol id="sm-1a9">
         <name>vQueueUnregisterQueue</name>
         <value>0x2723</value>
         <object_component_ref idref="oc-1a1"/>
      </symbol>
      <symbol id="sm-1aa">
         <name>xQueueGiveFromISR</name>
         <value>0x1eb3</value>
         <object_component_ref idref="oc-1a1"/>
      </symbol>
      <symbol id="sm-1ab">
         <name>uxQueueMessagesWaitingFromISR</name>
         <value>0x23fd</value>
         <object_component_ref idref="oc-1a1"/>
      </symbol>
      <symbol id="sm-1ac">
         <name>uxQueueGetQueueNumber</name>
         <value>0x2425</value>
         <object_component_ref idref="oc-1a1"/>
      </symbol>
      <symbol id="sm-1ad">
         <name>xQueueTakeMutexRecursive</name>
         <value>0x1c89</value>
         <object_component_ref idref="oc-1a1"/>
      </symbol>
      <symbol id="sm-1ae">
         <name>xQueueCreateCountingSemaphore</name>
         <value>0x1ccd</value>
         <object_component_ref idref="oc-1a1"/>
      </symbol>
      <symbol id="sm-1af">
         <name>vQueueWaitForMessageRestricted</name>
         <value>0x2767</value>
         <object_component_ref idref="oc-1a1"/>
      </symbol>
      <symbol id="sm-1b0">
         <name>vQueueDelete</name>
         <value>0x240f</value>
         <object_component_ref idref="oc-1a1"/>
      </symbol>
      <symbol id="sm-1b1">
         <name>xQueuePeek</name>
         <value>0x21bb</value>
         <object_component_ref idref="oc-1a1"/>
      </symbol>
      <symbol id="sm-1b2">
         <name>xQueueReceive</name>
         <value>0x1f45</value>
         <object_component_ref idref="oc-1a1"/>
      </symbol>
      <symbol id="sm-1b3">
         <name>pcQueueGetName</name>
         <value>0x26e3</value>
         <object_component_ref idref="oc-1a1"/>
      </symbol>
      <symbol id="sm-1b4">
         <name>ucQueueGetQueueType</name>
         <value>0x2445</value>
         <object_component_ref idref="oc-1a1"/>
      </symbol>
      <symbol id="sm-39e">
         <name>vTaskDelay</name>
         <value>0x541</value>
         <object_component_ref idref="oc-7c"/>
      </symbol>
      <symbol id="sm-39f">
         <name>vTaskSuspendAll</name>
         <value>0xa35</value>
         <object_component_ref idref="oc-7c"/>
      </symbol>
      <symbol id="sm-3a0">
         <name>vTaskPlaceOnEventList</name>
         <value>0xe01</value>
         <object_component_ref idref="oc-7c"/>
      </symbol>
      <symbol id="sm-3a1">
         <name>vTaskSetTaskNumber</name>
         <value>0x105d</value>
         <object_component_ref idref="oc-7c"/>
      </symbol>
      <symbol id="sm-3a2">
         <name>uxTaskPriorityGetFromISR</name>
         <value>0x641</value>
         <object_component_ref idref="oc-7c"/>
      </symbol>
      <symbol id="sm-3a3">
         <name>ulTaskNotifyTake</name>
         <value>0x1605</value>
         <object_component_ref idref="oc-7c"/>
      </symbol>
      <symbol id="sm-3a4">
         <name>pcTaskGetName</name>
         <value>0xb57</value>
         <object_component_ref idref="oc-7c"/>
      </symbol>
      <symbol id="sm-3a5">
         <name>xTaskCheckForTimeOut</name>
         <value>0xfa9</value>
         <object_component_ref idref="oc-7c"/>
      </symbol>
      <symbol id="sm-3a6">
         <name>vTaskRemoveFromUnorderedEventList</name>
         <value>0xefd</value>
         <object_component_ref idref="oc-7c"/>
      </symbol>
      <symbol id="sm-3a7">
         <name>vTaskPrioritySet</name>
         <value>0x68d</value>
         <object_component_ref idref="oc-7c"/>
      </symbol>
      <symbol id="sm-3a8">
         <name>xTaskPriorityDisinherit</name>
         <value>0x1449</value>
         <object_component_ref idref="oc-7c"/>
      </symbol>
      <symbol id="sm-3a9">
         <name>vTaskStartScheduler</name>
         <value>0x9bd</value>
         <object_component_ref idref="oc-7c"/>
      </symbol>
      <symbol id="sm-3aa">
         <name>vTaskInternalSetTimeOutState</name>
         <value>0xf87</value>
         <object_component_ref idref="oc-7c"/>
      </symbol>
      <symbol id="sm-3ab">
         <name>xTaskNotifyStateClear</name>
         <value>0x19cf</value>
         <object_component_ref idref="oc-7c"/>
      </symbol>
      <symbol id="sm-3ac">
         <name>pvTaskIncrementMutexHeldCount</name>
         <value>0x15e9</value>
         <object_component_ref idref="oc-7c"/>
      </symbol>
      <symbol id="sm-3ad">
         <name>xTaskGenericNotify</name>
         <value>0x1727</value>
         <object_component_ref idref="oc-7c"/>
      </symbol>
      <symbol id="sm-3ae">
         <name>vTaskPriorityDisinheritAfterTimeout</name>
         <value>0x14ed</value>
         <object_component_ref idref="oc-7c"/>
      </symbol>
      <symbol id="sm-3af">
         <name>xTaskCreate</name>
         <value>0x209</value>
         <object_component_ref idref="oc-7c"/>
      </symbol>
      <symbol id="sm-3b0">
         <name>vTaskDelayUntil</name>
         <value>0x4b1</value>
         <object_component_ref idref="oc-7c"/>
      </symbol>
      <symbol id="sm-3b1">
         <name>uxTaskGetTaskNumber</name>
         <value>0x1039</value>
         <object_component_ref idref="oc-7c"/>
      </symbol>
      <symbol id="sm-3b2">
         <name>vTaskEndScheduler</name>
         <value>0xa19</value>
         <object_component_ref idref="oc-7c"/>
      </symbol>
      <symbol id="sm-3b3">
         <name>xTaskNotifyWait</name>
         <value>0x1685</value>
         <object_component_ref idref="oc-7c"/>
      </symbol>
      <symbol id="sm-3b4">
         <name>vTaskMissedYield</name>
         <value>0x1027</value>
         <object_component_ref idref="oc-7c"/>
      </symbol>
      <symbol id="sm-3b5">
         <name>uxTaskGetNumberOfTasks</name>
         <value>0xb51</value>
         <object_component_ref idref="oc-7c"/>
      </symbol>
      <symbol id="sm-3b6">
         <name>xTaskGenericNotifyFromISR</name>
         <value>0x1811</value>
         <object_component_ref idref="oc-7c"/>
      </symbol>
      <symbol id="sm-3b7">
         <name>vTaskGetInfo</name>
         <value>0x1131</value>
         <object_component_ref idref="oc-7c"/>
      </symbol>
      <symbol id="sm-3b8">
         <name>uxTaskPriorityGet</name>
         <value>0x611</value>
         <object_component_ref idref="oc-7c"/>
      </symbol>
      <symbol id="sm-3b9">
         <name>xTaskResumeAll</name>
         <value>0xa49</value>
         <object_component_ref idref="oc-7c"/>
      </symbol>
      <symbol id="sm-3ba">
         <name>xTaskGetTickCount</name>
         <value>0xb2d</value>
         <object_component_ref idref="oc-7c"/>
      </symbol>
      <symbol id="sm-3bb">
         <name>uxTaskGetSystemState</name>
         <value>0xb7d</value>
         <object_component_ref idref="oc-7c"/>
      </symbol>
      <symbol id="sm-3bc">
         <name>vTaskDelete</name>
         <value>0x403</value>
         <object_component_ref idref="oc-7c"/>
      </symbol>
      <symbol id="sm-3bd">
         <name>pxCurrentTCB</name>
         <value>0x2000c698</value>
         <object_component_ref idref="oc-76"/>
      </symbol>
      <symbol id="sm-3be">
         <name>vTaskNotifyGiveFromISR</name>
         <value>0x1921</value>
         <object_component_ref idref="oc-7c"/>
      </symbol>
      <symbol id="sm-3bf">
         <name>eTaskGetState</name>
         <value>0x57d</value>
         <object_component_ref idref="oc-7c"/>
      </symbol>
      <symbol id="sm-3c0">
         <name>vTaskSuspend</name>
         <value>0x7a5</value>
         <object_component_ref idref="oc-7c"/>
      </symbol>
      <symbol id="sm-3c1">
         <name>xTaskGetTickCountFromISR</name>
         <value>0xb3d</value>
         <object_component_ref idref="oc-7c"/>
      </symbol>
      <symbol id="sm-3c2">
         <name>vTaskResume</name>
         <value>0x8b5</value>
         <object_component_ref idref="oc-7c"/>
      </symbol>
      <symbol id="sm-3c3">
         <name>vTaskPlaceOnEventListRestricted</name>
         <value>0xe47</value>
         <object_component_ref idref="oc-7c"/>
      </symbol>
      <symbol id="sm-3c4">
         <name>vTaskSetTimeOutState</name>
         <value>0xf69</value>
         <object_component_ref idref="oc-7c"/>
      </symbol>
      <symbol id="sm-3c5">
         <name>xTaskIncrementTick</name>
         <value>0xc71</value>
         <object_component_ref idref="oc-7c"/>
      </symbol>
      <symbol id="sm-3c6">
         <name>vTaskSwitchContext</name>
         <value>0xd99</value>
         <object_component_ref idref="oc-7c"/>
      </symbol>
      <symbol id="sm-3c7">
         <name>uxTaskResetEventItemValue</name>
         <value>0x15c1</value>
         <object_component_ref idref="oc-7c"/>
      </symbol>
      <symbol id="sm-3c8">
         <name>xTaskGetSchedulerState</name>
         <value>0x131d</value>
         <object_component_ref idref="oc-7c"/>
      </symbol>
      <symbol id="sm-3c9">
         <name>xTaskResumeFromISR</name>
         <value>0x92f</value>
         <object_component_ref idref="oc-7c"/>
      </symbol>
      <symbol id="sm-3ca">
         <name>xTaskGetCurrentTaskHandle</name>
         <value>0x1303</value>
         <object_component_ref idref="oc-7c"/>
      </symbol>
      <symbol id="sm-3cb">
         <name>vTaskPlaceOnUnorderedEventList</name>
         <value>0xe1d</value>
         <object_component_ref idref="oc-7c"/>
      </symbol>
      <symbol id="sm-3cc">
         <name>xTaskRemoveFromEventList</name>
         <value>0xe81</value>
         <object_component_ref idref="oc-7c"/>
      </symbol>
      <symbol id="sm-3cd">
         <name>xTaskPriorityInherit</name>
         <value>0x1369</value>
         <object_component_ref idref="oc-7c"/>
      </symbol>
      <symbol id="sm-45b">
         <name>vTimerSetTimerNumber</name>
         <value>0x2d33</value>
         <object_component_ref idref="oc-fd"/>
      </symbol>
      <symbol id="sm-45c">
         <name>xTimerGetTimerDaemonTaskHandle</name>
         <value>0x28d9</value>
         <object_component_ref idref="oc-fd"/>
      </symbol>
      <symbol id="sm-45d">
         <name>pcTimerGetName</name>
         <value>0x2907</value>
         <object_component_ref idref="oc-fd"/>
      </symbol>
      <symbol id="sm-45e">
         <name>xTimerCreateTimerTask</name>
         <value>0x27cd</value>
         <object_component_ref idref="oc-fd"/>
      </symbol>
      <symbol id="sm-45f">
         <name>xTimerGetExpiryTime</name>
         <value>0x28f1</value>
         <object_component_ref idref="oc-fd"/>
      </symbol>
      <symbol id="sm-460">
         <name>uxTimerGetTimerNumber</name>
         <value>0x2d25</value>
         <object_component_ref idref="oc-fd"/>
      </symbol>
      <symbol id="sm-461">
         <name>xTimerIsTimerActive</name>
         <value>0x2cc5</value>
         <object_component_ref idref="oc-fd"/>
      </symbol>
      <symbol id="sm-462">
         <name>xTimerGetPeriod</name>
         <value>0x28df</value>
         <object_component_ref idref="oc-fd"/>
      </symbol>
      <symbol id="sm-463">
         <name>xTimerCreate</name>
         <value>0x27f9</value>
         <object_component_ref idref="oc-fd"/>
      </symbol>
      <symbol id="sm-464">
         <name>xTimerGenericCommand</name>
         <value>0x286d</value>
         <object_component_ref idref="oc-fd"/>
      </symbol>
      <symbol id="sm-465">
         <name>pvTimerGetTimerID</name>
         <value>0x2cf1</value>
         <object_component_ref idref="oc-fd"/>
      </symbol>
      <symbol id="sm-466">
         <name>vTimerSetTimerID</name>
         <value>0x2d0b</value>
         <object_component_ref idref="oc-fd"/>
      </symbol>
      <symbol id="sm-496">
         <name>ulMaxSyscallInterruptPriority</name>
         <value>0x3aa0</value>
         <object_component_ref idref="oc-79"/>
      </symbol>
      <symbol id="sm-497">
         <name>vPortSetupTimerInterrupt</name>
         <value>0x305f</value>
         <object_component_ref idref="oc-2f"/>
      </symbol>
      <symbol id="sm-498">
         <name>vPortEndScheduler</name>
         <value>0x3001</value>
         <object_component_ref idref="oc-2f"/>
      </symbol>
      <symbol id="sm-499">
         <name>xPortSysTickHandler</name>
         <value>0x3039</value>
         <object_component_ref idref="oc-2f"/>
      </symbol>
      <symbol id="sm-49a">
         <name>pxPortInitialiseStack</name>
         <value>0x2f61</value>
         <object_component_ref idref="oc-2f"/>
      </symbol>
      <symbol id="sm-49b">
         <name>vPortExitCritical</name>
         <value>0x3023</value>
         <object_component_ref idref="oc-2f"/>
      </symbol>
      <symbol id="sm-49c">
         <name>xPortStartScheduler</name>
         <value>0x2fcb</value>
         <object_component_ref idref="oc-2f"/>
      </symbol>
      <symbol id="sm-49d">
         <name>vPortEnterCritical</name>
         <value>0x3003</value>
         <object_component_ref idref="oc-2f"/>
      </symbol>
      <symbol id="sm-4ac">
         <name>vPortStartFirstTask</name>
         <value>0x33a1</value>
         <object_component_ref idref="oc-2a"/>
      </symbol>
      <symbol id="sm-4ad">
         <name>ulPortGetIPSR</name>
         <value>0x3309</value>
         <object_component_ref idref="oc-2a"/>
      </symbol>
      <symbol id="sm-4ae">
         <name>vPortEnableVFP</name>
         <value>0x33c5</value>
         <object_component_ref idref="oc-2a"/>
      </symbol>
      <symbol id="sm-4af">
         <name>xPortPendSVHandler</name>
         <value>0x3321</value>
         <object_component_ref idref="oc-2a"/>
      </symbol>
      <symbol id="sm-4b0">
         <name>vPortSVCHandler</name>
         <value>0x3381</value>
         <object_component_ref idref="oc-2a"/>
      </symbol>
      <symbol id="sm-4d6">
         <name>vPortInitialiseBlocks</name>
         <value>0x344f</value>
         <object_component_ref idref="oc-e5"/>
      </symbol>
      <symbol id="sm-4d7">
         <name>xPortGetFreeHeapSize</name>
         <value>0x3457</value>
         <object_component_ref idref="oc-e5"/>
      </symbol>
      <symbol id="sm-4d8">
         <name>pvPortMalloc</name>
         <value>0x33d5</value>
         <object_component_ref idref="oc-e5"/>
      </symbol>
      <symbol id="sm-4d9">
         <name>vPortFree</name>
         <value>0x3445</value>
         <object_component_ref idref="oc-e5"/>
      </symbol>
      <symbol id="sm-50a">
         <name>GPIOPinTypeGPIOOutput</name>
         <value>0x37f9</value>
         <object_component_ref idref="oc-1e4"/>
      </symbol>
      <symbol id="sm-50b">
         <name>GPIODirModeSet</name>
         <value>0x37ad</value>
         <object_component_ref idref="oc-24d"/>
      </symbol>
      <symbol id="sm-50c">
         <name>GPIOPinWrite</name>
         <value>0x3837</value>
         <object_component_ref idref="oc-1ea"/>
      </symbol>
      <symbol id="sm-50d">
         <name>GPIOPadConfigSet</name>
         <value>0x309d</value>
         <object_component_ref idref="oc-247"/>
      </symbol>
      <symbol id="sm-57f">
         <name>SysCtlDelay</name>
         <value>0x383d</value>
         <object_component_ref idref="oc-1f0"/>
      </symbol>
      <symbol id="sm-580">
         <name>SysCtlPeripheralEnable</name>
         <value>0x3779</value>
         <object_component_ref idref="oc-1de"/>
      </symbol>
      <symbol id="sm-581">
         <name>SysCtlClockFreqSet</name>
         <value>0x2d61</value>
         <object_component_ref idref="oc-12d"/>
      </symbol>
      <symbol id="sm-59d">
         <name>memcpy</name>
         <value>0x3471</value>
         <object_component_ref idref="oc-43"/>
      </symbol>
      <symbol id="sm-59e">
         <name>__aeabi_memcpy</name>
         <value>0x3471</value>
         <object_component_ref idref="oc-43"/>
      </symbol>
      <symbol id="sm-59f">
         <name>__aeabi_memcpy8</name>
         <value>0x3471</value>
         <object_component_ref idref="oc-43"/>
      </symbol>
      <symbol id="sm-5a0">
         <name>__aeabi_memcpy4</name>
         <value>0x3471</value>
         <object_component_ref idref="oc-43"/>
      </symbol>
      <symbol id="sm-5af">
         <name>__aeabi_memset</name>
         <value>0x350f</value>
         <object_component_ref idref="oc-bd"/>
      </symbol>
      <symbol id="sm-5b0">
         <name>memset</name>
         <value>0x3515</value>
         <object_component_ref idref="oc-bd"/>
      </symbol>
      <symbol id="sm-5b1">
         <name>__aeabi_memset8</name>
         <value>0x350f</value>
         <object_component_ref idref="oc-bd"/>
      </symbol>
      <symbol id="sm-5b2">
         <name>__aeabi_memset4</name>
         <value>0x350f</value>
         <object_component_ref idref="oc-bd"/>
      </symbol>
      <symbol id="sm-5b3">
         <name>__aeabi_memclr8</name>
         <value>0x350d</value>
         <object_component_ref idref="oc-bd"/>
      </symbol>
      <symbol id="sm-5b4">
         <name>__aeabi_memclr4</name>
         <value>0x350d</value>
         <object_component_ref idref="oc-bd"/>
      </symbol>
      <symbol id="sm-5b5">
         <name>__aeabi_memclr</name>
         <value>0x350d</value>
         <object_component_ref idref="oc-bd"/>
      </symbol>
      <symbol id="sm-5c7">
         <name>__TI_zero_init</name>
         <value>0x381f</value>
         <object_component_ref idref="oc-55"/>
      </symbol>
      <symbol id="sm-5de">
         <name>__TI_decompress_none</name>
         <value>0x3811</value>
         <object_component_ref idref="oc-18"/>
      </symbol>
      <symbol id="sm-601">
         <name>__TI_decompress_lzss</name>
         <value>0x3601</value>
         <object_component_ref idref="oc-12"/>
      </symbol>
      <symbol id="sm-614">
         <name>__stack</name>
         <value>0x2000c498</value>
         <object_component_ref idref="oc-21"/>
      </symbol>
      <symbol id="sm-615">
         <name>_c_int00_noargs</name>
         <value>0x3741</value>
         <object_component_ref idref="oc-61"/>
      </symbol>
      <symbol id="sm-620">
         <name>C$$EXIT</name>
         <value>0x3847</value>
         <object_component_ref idref="oc-13b"/>
      </symbol>
      <symbol id="sm-621">
         <name>abort</name>
         <value>0x3847</value>
         <object_component_ref idref="oc-13b"/>
      </symbol>
      <symbol id="sm-64b">
         <name>__TI_auto_init_nobinit_nopinit</name>
         <value>0x36fd</value>
         <object_component_ref idref="oc-147"/>
      </symbol>
      <symbol id="sm-655">
         <name>_system_pre_init</name>
         <value>0x3843</value>
         <object_component_ref idref="oc-c3"/>
      </symbol>
      <symbol id="sm-657">
         <name>__TI_static_base__</name>
         <value>0x0</value>
      </symbol>
      <symbol id="sm-65a">
         <name>__mpu_init</name>
         <value>0x0</value>
      </symbol>
      <symbol id="sm-65b">
         <name>_system_post_cinit</name>
         <value>0x0</value>
      </symbol>
   </symbol_table>
   <title>Link successful</title>
</link_info>
